mode: atomic
github.com/had-nu/wardex/v2/cmd/art14/art14.go:45.13,93.2 17 1
github.com/had-nu/wardex/v2/cmd/art14/art14.go:95.46,96.24 1 6
github.com/had-nu/wardex/v2/cmd/art14/art14.go:96.24,98.3 1 6
github.com/had-nu/wardex/v2/cmd/art14/art14.go:99.2,99.35 1 0
github.com/had-nu/wardex/v2/cmd/art14/art14.go:99.35,101.3 1 0
github.com/had-nu/wardex/v2/cmd/art14/art14.go:102.2,102.12 1 0
github.com/had-nu/wardex/v2/cmd/art14/art14.go:105.32,106.17 1 1
github.com/had-nu/wardex/v2/cmd/art14/art14.go:106.17,108.3 1 1
github.com/had-nu/wardex/v2/cmd/art14/art14.go:109.2,109.11 1 0
github.com/had-nu/wardex/v2/cmd/art14/art14.go:112.33,113.16 1 1
github.com/had-nu/wardex/v2/cmd/art14/art14.go:113.16,115.3 1 1
github.com/had-nu/wardex/v2/cmd/art14/art14.go:116.2,116.10 1 0
github.com/had-nu/wardex/v2/cmd/art14/art14.go:119.40,120.9 1 1
github.com/had-nu/wardex/v2/cmd/art14/art14.go:121.47,122.18 1 0
github.com/had-nu/wardex/v2/cmd/art14/art14.go:123.25,124.19 1 1
github.com/had-nu/wardex/v2/cmd/art14/art14.go:125.10,126.16 1 0
github.com/had-nu/wardex/v2/cmd/art14/art14.go:130.34,131.16 1 3
github.com/had-nu/wardex/v2/cmd/art14/art14.go:131.16,133.3 1 0
github.com/had-nu/wardex/v2/cmd/art14/art14.go:134.2,134.47 1 3
github.com/had-nu/wardex/v2/cmd/art14/art14.go:137.62,138.23 1 2
github.com/had-nu/wardex/v2/cmd/art14/art14.go:138.23,140.3 1 0
github.com/had-nu/wardex/v2/cmd/art14/art14.go:141.2,141.45 1 2
github.com/had-nu/wardex/v2/cmd/art14/art14.go:141.45,143.3 1 0
github.com/had-nu/wardex/v2/cmd/art14/art14.go:144.2,144.41 1 2
github.com/had-nu/wardex/v2/cmd/art14/art14.go:147.55,149.16 2 1
github.com/had-nu/wardex/v2/cmd/art14/art14.go:149.16,151.3 1 0
github.com/had-nu/wardex/v2/cmd/art14/art14.go:152.2,155.16 3 1
github.com/had-nu/wardex/v2/cmd/art14/art14.go:155.16,157.3 1 0
github.com/had-nu/wardex/v2/cmd/art14/art14.go:159.2,159.25 1 1
github.com/had-nu/wardex/v2/cmd/art14/art14.go:159.25,162.3 2 0
github.com/had-nu/wardex/v2/cmd/art14/art14.go:164.2,166.38 2 1
github.com/had-nu/wardex/v2/cmd/art14/art14.go:166.38,168.3 1 7
github.com/had-nu/wardex/v2/cmd/art14/art14.go:170.2,180.37 2 1
github.com/had-nu/wardex/v2/cmd/art14/art14.go:180.37,182.3 1 7
github.com/had-nu/wardex/v2/cmd/art14/art14.go:184.2,197.30 3 1
github.com/had-nu/wardex/v2/cmd/art14/art14.go:197.30,200.21 3 1
github.com/had-nu/wardex/v2/cmd/art14/art14.go:200.21,202.4 1 0
github.com/had-nu/wardex/v2/cmd/art14/art14.go:203.3,209.20 6 1
github.com/had-nu/wardex/v2/cmd/art14/art14.go:210.16,211.23 1 1
github.com/had-nu/wardex/v2/cmd/art14/art14.go:212.35,213.20 1 0
github.com/had-nu/wardex/v2/cmd/art14/art14.go:214.34,215.20 1 0
github.com/had-nu/wardex/v2/cmd/art14/art14.go:216.34,217.20 1 0
github.com/had-nu/wardex/v2/cmd/art14/art14.go:220.3,222.57 2 1
github.com/had-nu/wardex/v2/cmd/art14/art14.go:222.57,224.4 1 0
github.com/had-nu/wardex/v2/cmd/art14/art14.go:225.3,225.57 1 1
github.com/had-nu/wardex/v2/cmd/art14/art14.go:225.57,227.4 1 0
github.com/had-nu/wardex/v2/cmd/art14/art14.go:229.3,236.55 1 1
github.com/had-nu/wardex/v2/cmd/art14/art14.go:239.2,239.12 1 1
github.com/had-nu/wardex/v2/cmd/art14/art14.go:242.55,244.16 2 1
github.com/had-nu/wardex/v2/cmd/art14/art14.go:244.16,246.3 1 0
github.com/had-nu/wardex/v2/cmd/art14/art14.go:247.2,250.16 3 1
github.com/had-nu/wardex/v2/cmd/art14/art14.go:250.16,252.3 1 0
github.com/had-nu/wardex/v2/cmd/art14/art14.go:254.2,255.16 2 1
github.com/had-nu/wardex/v2/cmd/art14/art14.go:255.16,257.3 1 0
github.com/had-nu/wardex/v2/cmd/art14/art14.go:259.2,260.12 2 1
github.com/had-nu/wardex/v2/cmd/art14/art14.go:263.65,265.16 2 1
github.com/had-nu/wardex/v2/cmd/art14/art14.go:265.16,267.3 1 0
github.com/had-nu/wardex/v2/cmd/art14/art14.go:268.2,271.16 3 1
github.com/had-nu/wardex/v2/cmd/art14/art14.go:271.16,273.3 1 0
github.com/had-nu/wardex/v2/cmd/art14/art14.go:275.2,276.16 2 1
github.com/had-nu/wardex/v2/cmd/art14/art14.go:276.16,278.3 1 0
github.com/had-nu/wardex/v2/cmd/art14/art14.go:280.2,281.16 2 1
github.com/had-nu/wardex/v2/cmd/art14/art14.go:281.16,283.3 1 0
github.com/had-nu/wardex/v2/cmd/art14/art14.go:286.2,287.38 2 1
github.com/had-nu/wardex/v2/cmd/art14/art14.go:287.38,289.3 1 1
github.com/had-nu/wardex/v2/cmd/art14/art14.go:291.2,303.63 3 1
github.com/had-nu/wardex/v2/cmd/art14/art14.go:303.63,305.3 1 0
github.com/had-nu/wardex/v2/cmd/art14/art14.go:307.2,308.12 2 1
github.com/had-nu/wardex/v2/cmd/art14/art14.go:311.59,313.16 2 1
github.com/had-nu/wardex/v2/cmd/art14/art14.go:313.16,315.3 1 0
github.com/had-nu/wardex/v2/cmd/art14/art14.go:316.2,319.16 3 1
github.com/had-nu/wardex/v2/cmd/art14/art14.go:319.16,321.3 1 0
github.com/had-nu/wardex/v2/cmd/art14/art14.go:323.2,324.16 2 1
github.com/had-nu/wardex/v2/cmd/art14/art14.go:324.16,326.3 1 0
github.com/had-nu/wardex/v2/cmd/art14/art14.go:328.2,328.20 1 1
github.com/had-nu/wardex/v2/cmd/art14/art14.go:328.20,331.22 2 1
github.com/had-nu/wardex/v2/cmd/art14/art14.go:331.22,334.18 3 1
github.com/had-nu/wardex/v2/cmd/art14/art14.go:334.18,336.5 1 0
github.com/had-nu/wardex/v2/cmd/art14/art14.go:337.9,339.4 1 0
github.com/had-nu/wardex/v2/cmd/art14/art14.go:341.3,343.21 3 1
github.com/had-nu/wardex/v2/cmd/art14/art14.go:343.21,345.4 1 1
github.com/had-nu/wardex/v2/cmd/art14/art14.go:346.3,346.21 1 1
github.com/had-nu/wardex/v2/cmd/art14/art14.go:346.21,348.4 1 1
github.com/had-nu/wardex/v2/cmd/art14/art14.go:349.3,349.19 1 1
github.com/had-nu/wardex/v2/cmd/art14/art14.go:349.19,351.4 1 1
github.com/had-nu/wardex/v2/cmd/art14/art14.go:352.3,352.24 1 1
github.com/had-nu/wardex/v2/cmd/art14/art14.go:352.24,354.4 1 1
github.com/had-nu/wardex/v2/cmd/art14/art14.go:355.3,355.26 1 1
github.com/had-nu/wardex/v2/cmd/art14/art14.go:355.26,357.4 1 1
github.com/had-nu/wardex/v2/cmd/art14/art14.go:358.8,365.17 6 0
github.com/had-nu/wardex/v2/cmd/art14/art14.go:365.17,368.18 3 0
github.com/had-nu/wardex/v2/cmd/art14/art14.go:368.18,370.5 1 0
github.com/had-nu/wardex/v2/cmd/art14/art14.go:373.3,395.17 18 0
github.com/had-nu/wardex/v2/cmd/art14/art14.go:395.17,397.4 1 0
github.com/had-nu/wardex/v2/cmd/art14/art14.go:398.3,398.16 1 0
github.com/had-nu/wardex/v2/cmd/art14/art14.go:398.16,400.4 1 0
github.com/had-nu/wardex/v2/cmd/art14/art14.go:401.3,401.16 1 0
github.com/had-nu/wardex/v2/cmd/art14/art14.go:401.16,403.4 1 0
github.com/had-nu/wardex/v2/cmd/art14/art14.go:404.3,404.15 1 0
github.com/had-nu/wardex/v2/cmd/art14/art14.go:404.15,406.4 1 0
github.com/had-nu/wardex/v2/cmd/art14/art14.go:407.3,407.16 1 0
github.com/had-nu/wardex/v2/cmd/art14/art14.go:407.16,409.4 1 0
github.com/had-nu/wardex/v2/cmd/art14/art14.go:412.2,412.53 1 1
github.com/had-nu/wardex/v2/cmd/art14/art14.go:412.53,414.3 1 0
github.com/had-nu/wardex/v2/cmd/art14/art14.go:416.2,417.16 2 1
github.com/had-nu/wardex/v2/cmd/art14/art14.go:417.16,419.3 1 0
github.com/had-nu/wardex/v2/cmd/art14/art14.go:421.2,422.16 2 1
github.com/had-nu/wardex/v2/cmd/art14/art14.go:422.16,424.3 1 0
github.com/had-nu/wardex/v2/cmd/art14/art14.go:426.2,427.12 2 1
github.com/had-nu/wardex/v2/cmd/art14/art14.go:430.57,432.16 2 2
github.com/had-nu/wardex/v2/cmd/art14/art14.go:432.16,434.3 1 0
github.com/had-nu/wardex/v2/cmd/art14/art14.go:435.2,438.16 3 2
github.com/had-nu/wardex/v2/cmd/art14/art14.go:438.16,440.3 1 0
github.com/had-nu/wardex/v2/cmd/art14/art14.go:442.2,443.16 2 2
github.com/had-nu/wardex/v2/cmd/art14/art14.go:443.16,445.3 1 0
github.com/had-nu/wardex/v2/cmd/art14/art14.go:447.2,448.16 2 2
github.com/had-nu/wardex/v2/cmd/art14/art14.go:448.16,452.3 3 1
github.com/had-nu/wardex/v2/cmd/art14/art14.go:454.2,455.12 2 1
github.com/had-nu/wardex/v2/cmd/convert/grype.go:46.13,50.2 3 1
github.com/had-nu/wardex/v2/cmd/convert/grype.go:52.57,56.16 3 1
github.com/had-nu/wardex/v2/cmd/convert/grype.go:56.16,59.3 2 0
github.com/had-nu/wardex/v2/cmd/convert/grype.go:61.2,62.16 2 1
github.com/had-nu/wardex/v2/cmd/convert/grype.go:62.16,65.3 2 0
github.com/had-nu/wardex/v2/cmd/convert/grype.go:67.2,68.16 2 1
github.com/had-nu/wardex/v2/cmd/convert/grype.go:68.16,71.3 2 0
github.com/had-nu/wardex/v2/cmd/convert/grype.go:72.2,72.15 1 1
github.com/had-nu/wardex/v2/cmd/convert/grype.go:72.15,72.32 1 1
github.com/had-nu/wardex/v2/cmd/convert/grype.go:74.2,75.16 2 1
github.com/had-nu/wardex/v2/cmd/convert/grype.go:75.16,78.3 2 0
github.com/had-nu/wardex/v2/cmd/convert/grype.go:80.2,81.54 2 1
github.com/had-nu/wardex/v2/cmd/convert/grype.go:81.54,84.3 2 0
github.com/had-nu/wardex/v2/cmd/convert/grype.go:86.2,93.39 3 1
github.com/had-nu/wardex/v2/cmd/convert/grype.go:93.39,98.32 4 1
github.com/had-nu/wardex/v2/cmd/convert/grype.go:98.32,99.12 1 0
github.com/had-nu/wardex/v2/cmd/convert/grype.go:101.3,104.49 3 1
github.com/had-nu/wardex/v2/cmd/convert/grype.go:104.49,105.42 1 1
github.com/had-nu/wardex/v2/cmd/convert/grype.go:105.42,107.5 1 1
github.com/had-nu/wardex/v2/cmd/convert/grype.go:110.3,110.21 1 1
github.com/had-nu/wardex/v2/cmd/convert/grype.go:110.21,111.40 1 0
github.com/had-nu/wardex/v2/cmd/convert/grype.go:112.20,113.20 1 0
github.com/had-nu/wardex/v2/cmd/convert/grype.go:114.16,115.20 1 0
github.com/had-nu/wardex/v2/cmd/convert/grype.go:116.18,117.20 1 0
github.com/had-nu/wardex/v2/cmd/convert/grype.go:118.15,119.20 1 0
github.com/had-nu/wardex/v2/cmd/convert/grype.go:120.12,121.20 1 0
github.com/had-nu/wardex/v2/cmd/convert/grype.go:125.3,131.5 1 1
github.com/had-nu/wardex/v2/cmd/convert/grype.go:135.2,135.28 1 1
github.com/had-nu/wardex/v2/cmd/convert/grype.go:135.28,137.71 1 0
github.com/had-nu/wardex/v2/cmd/convert/grype.go:137.71,139.4 1 0
github.com/had-nu/wardex/v2/cmd/convert/grype.go:141.3,142.17 2 0
github.com/had-nu/wardex/v2/cmd/convert/grype.go:142.17,144.4 1 0
github.com/had-nu/wardex/v2/cmd/convert/grype.go:144.9,147.42 3 0
github.com/had-nu/wardex/v2/cmd/convert/grype.go:147.42,148.28 1 0
github.com/had-nu/wardex/v2/cmd/convert/grype.go:148.28,150.6 1 0
github.com/had-nu/wardex/v2/cmd/convert/grype.go:152.4,152.21 1 0
github.com/had-nu/wardex/v2/cmd/convert/grype.go:152.21,154.5 1 0
github.com/had-nu/wardex/v2/cmd/convert/grype.go:156.8,161.3 1 1
github.com/had-nu/wardex/v2/cmd/convert/grype.go:163.2,164.16 2 1
github.com/had-nu/wardex/v2/cmd/convert/grype.go:164.16,167.3 2 0
github.com/had-nu/wardex/v2/cmd/convert/grype.go:169.2,169.53 1 1
github.com/had-nu/wardex/v2/cmd/convert/grype.go:169.53,171.3 1 0
github.com/had-nu/wardex/v2/cmd/convert/grype.go:171.8,172.68 1 1
github.com/had-nu/wardex/v2/cmd/convert/grype.go:172.68,175.4 2 0
github.com/had-nu/wardex/v2/cmd/convert/grype.go:176.3,176.106 1 1
github.com/had-nu/wardex/v2/cmd/convert/kev.go:42.59,44.16 2 1
github.com/had-nu/wardex/v2/cmd/convert/kev.go:44.16,46.3 1 0
github.com/had-nu/wardex/v2/cmd/convert/kev.go:47.2,47.15 1 1
github.com/had-nu/wardex/v2/cmd/convert/kev.go:47.15,47.32 1 1
github.com/had-nu/wardex/v2/cmd/convert/kev.go:49.2,50.16 2 1
github.com/had-nu/wardex/v2/cmd/convert/kev.go:50.16,52.3 1 0
github.com/had-nu/wardex/v2/cmd/convert/kev.go:54.2,55.57 2 1
github.com/had-nu/wardex/v2/cmd/convert/kev.go:55.57,57.3 1 0
github.com/had-nu/wardex/v2/cmd/convert/kev.go:59.2,59.24 1 1
github.com/had-nu/wardex/v2/cmd/convert/kev.go:68.54,69.21 1 3
github.com/had-nu/wardex/v2/cmd/convert/kev.go:69.21,71.3 1 1
github.com/had-nu/wardex/v2/cmd/convert/kev.go:72.2,73.16 2 2
github.com/had-nu/wardex/v2/cmd/convert/kev.go:73.16,75.3 1 0
github.com/had-nu/wardex/v2/cmd/convert/kev.go:76.2,77.50 2 2
github.com/had-nu/wardex/v2/cmd/convert/kev.go:77.50,84.3 1 1
github.com/had-nu/wardex/v2/cmd/convert/kev.go:85.2,85.11 1 1
github.com/had-nu/wardex/v2/cmd/convert/kev.go:91.95,93.50 2 1
github.com/had-nu/wardex/v2/cmd/convert/kev.go:93.50,95.3 1 1
github.com/had-nu/wardex/v2/cmd/convert/kev.go:97.2,97.26 1 1
github.com/had-nu/wardex/v2/cmd/convert/kev.go:97.26,99.13 2 2
github.com/had-nu/wardex/v2/cmd/convert/kev.go:99.13,100.12 1 1
github.com/had-nu/wardex/v2/cmd/convert/kev.go:103.3,107.70 3 1
github.com/had-nu/wardex/v2/cmd/convert/kev.go:107.70,109.4 1 1
github.com/had-nu/wardex/v2/cmd/convert/kev.go:112.2,112.14 1 1
github.com/had-nu/wardex/v2/cmd/convert/sbom.go:28.13,30.2 1 1
github.com/had-nu/wardex/v2/cmd/convert/sbom.go:34.54,37.16 3 0
github.com/had-nu/wardex/v2/cmd/convert/sbom.go:37.16,39.3 1 0
github.com/had-nu/wardex/v2/cmd/convert/sbom.go:40.2,41.16 2 0
github.com/had-nu/wardex/v2/cmd/convert/sbom.go:41.16,43.3 1 0
github.com/had-nu/wardex/v2/cmd/convert/sbom.go:45.2,46.55 2 0
github.com/had-nu/wardex/v2/cmd/convert/sbom.go:46.55,48.3 1 0
github.com/had-nu/wardex/v2/cmd/convert/sbom.go:50.2,50.39 1 0
github.com/had-nu/wardex/v2/cmd/convert/sbom.go:50.39,51.61 1 0
github.com/had-nu/wardex/v2/cmd/convert/sbom.go:51.61,53.4 1 0
github.com/had-nu/wardex/v2/cmd/convert/sbom.go:56.2,56.41 1 0
github.com/had-nu/wardex/v2/cmd/convert/sbom.go:56.41,58.3 1 0
github.com/had-nu/wardex/v2/cmd/convert/sbom.go:60.2,60.43 1 0
github.com/had-nu/wardex/v2/cmd/convert/sbom.go:60.43,62.46 2 0
github.com/had-nu/wardex/v2/cmd/convert/sbom.go:62.46,64.4 1 0
github.com/had-nu/wardex/v2/cmd/convert/sbom.go:67.2,67.23 1 0
github.com/had-nu/wardex/v2/cmd/convert/sbom.go:70.56,74.16 3 0
github.com/had-nu/wardex/v2/cmd/convert/sbom.go:74.16,77.3 2 0
github.com/had-nu/wardex/v2/cmd/convert/sbom.go:79.2,81.16 2 0
github.com/had-nu/wardex/v2/cmd/convert/sbom.go:82.19,83.44 1 0
github.com/had-nu/wardex/v2/cmd/convert/sbom.go:84.14,85.39 1 0
github.com/had-nu/wardex/v2/cmd/convert/sbom.go:86.17,87.42 1 0
github.com/had-nu/wardex/v2/cmd/convert/sbom.go:88.10,90.13 2 0
github.com/had-nu/wardex/v2/cmd/convert/sbom.go:93.2,93.16 1 0
github.com/had-nu/wardex/v2/cmd/convert/sbom.go:93.16,96.3 2 0
github.com/had-nu/wardex/v2/cmd/convert/sbom.go:98.2,104.16 3 0
github.com/had-nu/wardex/v2/cmd/convert/sbom.go:104.16,107.3 2 0
github.com/had-nu/wardex/v2/cmd/convert/sbom.go:109.2,109.51 1 0
github.com/had-nu/wardex/v2/cmd/convert/sbom.go:109.51,111.3 1 0
github.com/had-nu/wardex/v2/cmd/convert/sbom.go:111.8,112.67 1 0
github.com/had-nu/wardex/v2/cmd/convert/sbom.go:112.67,115.4 2 0
github.com/had-nu/wardex/v2/cmd/convert/sbom.go:116.3,116.105 1 0
github.com/had-nu/wardex/v2/cmd/aggregate/aggregate.go:47.13,50.2 1 0
github.com/had-nu/wardex/v2/cmd/aggregate/aggregate.go:58.60,59.52 1 0
github.com/had-nu/wardex/v2/cmd/aggregate/aggregate.go:59.52,61.3 1 0
github.com/had-nu/wardex/v2/cmd/aggregate/aggregate.go:63.2,72.28 3 0
github.com/had-nu/wardex/v2/cmd/aggregate/aggregate.go:72.28,74.17 2 0
github.com/had-nu/wardex/v2/cmd/aggregate/aggregate.go:74.17,76.4 1 0
github.com/had-nu/wardex/v2/cmd/aggregate/aggregate.go:77.3,78.51 2 0
github.com/had-nu/wardex/v2/cmd/aggregate/aggregate.go:78.51,80.4 1 0
github.com/had-nu/wardex/v2/cmd/aggregate/aggregate.go:81.3,81.21 1 0
github.com/had-nu/wardex/v2/cmd/aggregate/aggregate.go:81.21,84.12 3 0
github.com/had-nu/wardex/v2/cmd/aggregate/aggregate.go:86.3,92.5 1 0
github.com/had-nu/wardex/v2/cmd/aggregate/aggregate.go:96.2,106.28 6 0
github.com/had-nu/wardex/v2/cmd/aggregate/aggregate.go:106.28,109.21 3 0
github.com/had-nu/wardex/v2/cmd/aggregate/aggregate.go:110.16,111.20 1 0
github.com/had-nu/wardex/v2/cmd/aggregate/aggregate.go:112.15,113.23 1 0
github.com/had-nu/wardex/v2/cmd/aggregate/aggregate.go:114.11,115.22 1 0
github.com/had-nu/wardex/v2/cmd/aggregate/aggregate.go:117.3,121.4 1 0
github.com/had-nu/wardex/v2/cmd/aggregate/aggregate.go:123.2,127.28 3 0
github.com/had-nu/wardex/v2/cmd/aggregate/aggregate.go:127.28,128.28 1 0
github.com/had-nu/wardex/v2/cmd/aggregate/aggregate.go:128.28,130.4 1 0
github.com/had-nu/wardex/v2/cmd/aggregate/aggregate.go:133.2,135.16 3 0
github.com/had-nu/wardex/v2/cmd/aggregate/aggregate.go:136.19,137.27 1 0
github.com/had-nu/wardex/v2/cmd/aggregate/aggregate.go:138.19,139.39 1 0
github.com/had-nu/wardex/v2/cmd/aggregate/aggregate.go:142.2,142.13 1 0
github.com/had-nu/wardex/v2/cmd/aggregate/aggregate.go:142.13,148.3 3 0
github.com/had-nu/wardex/v2/cmd/aggregate/aggregate.go:150.2,153.12 4 0
github.com/had-nu/wardex/v2/cmd/gen-sbom/main.go:60.13,62.16 2 0
github.com/had-nu/wardex/v2/cmd/gen-sbom/main.go:62.16,65.3 2 0
github.com/had-nu/wardex/v2/cmd/gen-sbom/main.go:67.2,69.17 3 0
github.com/had-nu/wardex/v2/cmd/gen-sbom/main.go:69.17,71.40 2 0
github.com/had-nu/wardex/v2/cmd/gen-sbom/main.go:71.40,72.9 1 0
github.com/had-nu/wardex/v2/cmd/gen-sbom/main.go:74.3,74.13 1 0
github.com/had-nu/wardex/v2/cmd/gen-sbom/main.go:74.13,75.12 1 0
github.com/had-nu/wardex/v2/cmd/gen-sbom/main.go:77.3,79.21 3 0
github.com/had-nu/wardex/v2/cmd/gen-sbom/main.go:79.21,81.4 1 0
github.com/had-nu/wardex/v2/cmd/gen-sbom/main.go:82.3,88.5 1 0
github.com/had-nu/wardex/v2/cmd/gen-sbom/main.go:91.2,114.16 3 0
github.com/had-nu/wardex/v2/cmd/gen-sbom/main.go:114.16,117.3 2 0
github.com/had-nu/wardex/v2/cmd/gen-sbom/main.go:119.2,120.22 2 0
github.com/had-nu/wardex/v2/cmd/gen-sbom/main.go:120.22,122.3 1 0
github.com/had-nu/wardex/v2/cmd/gen-sbom/main.go:123.2,124.57 2 0
github.com/had-nu/wardex/v2/cmd/gen-sbom/main.go:124.57,127.3 2 0
github.com/had-nu/wardex/v2/cmd/gen-sbom/main.go:128.2,128.78 1 0
github.com/had-nu/wardex/v2/cmd/gen-sbom/main.go:131.26,134.16 3 0
github.com/had-nu/wardex/v2/cmd/gen-sbom/main.go:134.16,136.3 1 0
github.com/had-nu/wardex/v2/cmd/gen-sbom/main.go:137.2,137.39 1 0
github.com/had-nu/wardex/v2/cmd/configseal/configseal.go:46.13,57.2 8 0
github.com/had-nu/wardex/v2/cmd/configseal/configseal.go:59.61,60.84 1 0
github.com/had-nu/wardex/v2/cmd/configseal/configseal.go:60.84,62.3 1 0
github.com/had-nu/wardex/v2/cmd/configseal/configseal.go:64.2,73.12 9 0
github.com/had-nu/wardex/v2/cmd/configseal/hash.go:33.13,39.2 4 0
github.com/had-nu/wardex/v2/cmd/configseal/hash.go:41.61,43.23 2 0
github.com/had-nu/wardex/v2/cmd/configseal/hash.go:44.16,45.24 1 0
github.com/had-nu/wardex/v2/cmd/configseal/hash.go:46.16,47.24 1 0
github.com/had-nu/wardex/v2/cmd/configseal/hash.go:48.10,49.85 1 0
github.com/had-nu/wardex/v2/cmd/configseal/hash.go:52.2,53.16 2 0
github.com/had-nu/wardex/v2/cmd/configseal/hash.go:53.16,55.3 1 0
github.com/had-nu/wardex/v2/cmd/configseal/hash.go:57.2,58.16 2 0
github.com/had-nu/wardex/v2/cmd/configseal/hash.go:58.16,60.3 1 0
github.com/had-nu/wardex/v2/cmd/configseal/hash.go:62.2,63.12 2 0
github.com/had-nu/wardex/v2/cmd/assess/assess.go:46.13,53.2 6 0
github.com/had-nu/wardex/v2/cmd/assess/assess.go:55.57,57.16 2 0
github.com/had-nu/wardex/v2/cmd/assess/assess.go:57.16,59.3 1 0
github.com/had-nu/wardex/v2/cmd/assess/assess.go:62.2,63.16 2 0
github.com/had-nu/wardex/v2/cmd/assess/assess.go:63.16,65.3 1 0
github.com/had-nu/wardex/v2/cmd/assess/assess.go:66.2,70.16 3 0
github.com/had-nu/wardex/v2/cmd/assess/assess.go:70.16,72.3 1 0
github.com/had-nu/wardex/v2/cmd/assess/assess.go:73.2,78.16 4 0
github.com/had-nu/wardex/v2/cmd/assess/assess.go:78.16,80.3 1 0
github.com/had-nu/wardex/v2/cmd/assess/assess.go:83.2,85.16 3 0
github.com/had-nu/wardex/v2/cmd/assess/assess.go:85.16,87.3 1 0
github.com/had-nu/wardex/v2/cmd/assess/assess.go:90.2,94.22 3 0
github.com/had-nu/wardex/v2/cmd/assess/assess.go:94.22,96.17 2 0
github.com/had-nu/wardex/v2/cmd/assess/assess.go:96.17,98.4 1 0
github.com/had-nu/wardex/v2/cmd/assess/assess.go:98.9,101.4 2 0
github.com/had-nu/wardex/v2/cmd/assess/assess.go:105.2,118.24 5 0
github.com/had-nu/wardex/v2/cmd/assess/assess.go:118.24,120.17 2 0
github.com/had-nu/wardex/v2/cmd/assess/assess.go:120.17,122.4 1 0
github.com/had-nu/wardex/v2/cmd/assess/assess.go:122.9,126.4 3 0
github.com/had-nu/wardex/v2/cmd/assess/assess.go:130.2,130.79 1 0
github.com/had-nu/wardex/v2/cmd/assess/assess.go:130.79,132.3 1 0
github.com/had-nu/wardex/v2/cmd/assess/assess.go:134.2,134.25 1 0
github.com/had-nu/wardex/v2/cmd/assess/assess.go:134.25,136.3 1 0
github.com/had-nu/wardex/v2/cmd/assess/assess.go:138.2,138.12 1 0
github.com/had-nu/wardex/v2/cmd/evaluate/evaluate.go:78.13,95.2 14 1
github.com/had-nu/wardex/v2/cmd/evaluate/evaluate.go:97.59,99.16 2 8
github.com/had-nu/wardex/v2/cmd/evaluate/evaluate.go:99.16,103.3 3 1
github.com/had-nu/wardex/v2/cmd/evaluate/evaluate.go:105.2,105.30 1 7
github.com/had-nu/wardex/v2/cmd/evaluate/evaluate.go:105.30,107.3 1 0
github.com/had-nu/wardex/v2/cmd/evaluate/evaluate.go:109.2,109.12 1 7
github.com/had-nu/wardex/v2/cmd/evaluate/evaluate.go:109.12,110.58 1 0
github.com/had-nu/wardex/v2/cmd/evaluate/evaluate.go:110.58,114.4 3 0
github.com/had-nu/wardex/v2/cmd/evaluate/evaluate.go:118.2,119.16 2 7
github.com/had-nu/wardex/v2/cmd/evaluate/evaluate.go:119.16,121.3 1 0
github.com/had-nu/wardex/v2/cmd/evaluate/evaluate.go:123.2,124.32 2 7
github.com/had-nu/wardex/v2/cmd/evaluate/evaluate.go:124.32,126.3 1 7
github.com/had-nu/wardex/v2/cmd/evaluate/evaluate.go:127.2,127.23 1 7
github.com/had-nu/wardex/v2/cmd/evaluate/evaluate.go:127.23,129.3 1 0
github.com/had-nu/wardex/v2/cmd/evaluate/evaluate.go:131.2,142.16 4 7
github.com/had-nu/wardex/v2/cmd/evaluate/evaluate.go:142.16,144.3 1 0
github.com/had-nu/wardex/v2/cmd/evaluate/evaluate.go:147.2,148.26 2 7
github.com/had-nu/wardex/v2/cmd/evaluate/evaluate.go:148.26,149.26 1 7
github.com/had-nu/wardex/v2/cmd/evaluate/evaluate.go:149.26,151.4 1 4
github.com/had-nu/wardex/v2/cmd/evaluate/evaluate.go:154.2,154.32 1 7
github.com/had-nu/wardex/v2/cmd/evaluate/evaluate.go:154.32,156.36 2 4
github.com/had-nu/wardex/v2/cmd/evaluate/evaluate.go:156.36,158.4 1 4
github.com/had-nu/wardex/v2/cmd/evaluate/evaluate.go:159.3,159.27 1 4
github.com/had-nu/wardex/v2/cmd/evaluate/evaluate.go:159.27,161.4 1 4
github.com/had-nu/wardex/v2/cmd/evaluate/evaluate.go:164.3,164.72 1 4
github.com/had-nu/wardex/v2/cmd/evaluate/evaluate.go:164.72,165.43 1 4
github.com/had-nu/wardex/v2/cmd/evaluate/evaluate.go:165.43,166.34 1 1
github.com/had-nu/wardex/v2/cmd/evaluate/evaluate.go:166.34,167.51 1 1
github.com/had-nu/wardex/v2/cmd/evaluate/evaluate.go:167.51,168.46 1 1
github.com/had-nu/wardex/v2/cmd/evaluate/evaluate.go:168.46,169.29 1 1
github.com/had-nu/wardex/v2/cmd/evaluate/evaluate.go:169.29,171.14 2 1
github.com/had-nu/wardex/v2/cmd/evaluate/evaluate.go:179.3,180.39 2 4
github.com/had-nu/wardex/v2/cmd/evaluate/evaluate.go:180.39,182.4 1 4
github.com/had-nu/wardex/v2/cmd/evaluate/evaluate.go:184.3,184.13 1 4
github.com/had-nu/wardex/v2/cmd/evaluate/evaluate.go:184.13,190.4 5 0
github.com/had-nu/wardex/v2/cmd/evaluate/evaluate.go:193.3,194.50 2 4
github.com/had-nu/wardex/v2/cmd/evaluate/evaluate.go:194.50,196.40 2 1
github.com/had-nu/wardex/v2/cmd/evaluate/evaluate.go:196.40,197.43 1 1
github.com/had-nu/wardex/v2/cmd/evaluate/evaluate.go:197.43,198.72 1 1
github.com/had-nu/wardex/v2/cmd/evaluate/evaluate.go:198.72,200.7 1 1
github.com/had-nu/wardex/v2/cmd/evaluate/evaluate.go:203.4,203.58 1 1
github.com/had-nu/wardex/v2/cmd/evaluate/evaluate.go:203.58,205.5 1 1
github.com/had-nu/wardex/v2/cmd/evaluate/evaluate.go:208.3,216.17 3 4
github.com/had-nu/wardex/v2/cmd/evaluate/evaluate.go:216.17,218.4 1 0
github.com/had-nu/wardex/v2/cmd/evaluate/evaluate.go:220.3,221.17 2 4
github.com/had-nu/wardex/v2/cmd/evaluate/evaluate.go:221.17,223.4 1 0
github.com/had-nu/wardex/v2/cmd/evaluate/evaluate.go:224.3,224.59 1 4
github.com/had-nu/wardex/v2/cmd/evaluate/evaluate.go:224.59,226.4 1 0
github.com/had-nu/wardex/v2/cmd/evaluate/evaluate.go:228.3,229.17 2 4
github.com/had-nu/wardex/v2/cmd/evaluate/evaluate.go:229.17,231.4 1 0
github.com/had-nu/wardex/v2/cmd/evaluate/evaluate.go:233.3,237.39 4 4
github.com/had-nu/wardex/v2/cmd/evaluate/evaluate.go:237.39,239.4 1 0
github.com/had-nu/wardex/v2/cmd/evaluate/evaluate.go:240.3,240.24 1 4
github.com/had-nu/wardex/v2/cmd/evaluate/evaluate.go:240.24,242.4 1 4
github.com/had-nu/wardex/v2/cmd/evaluate/evaluate.go:244.3,260.69 3 4
github.com/had-nu/wardex/v2/cmd/evaluate/evaluate.go:260.69,262.4 1 0
github.com/had-nu/wardex/v2/cmd/evaluate/evaluate.go:262.9,264.4 1 4
github.com/had-nu/wardex/v2/cmd/evaluate/evaluate.go:267.3,267.45 1 4
github.com/had-nu/wardex/v2/cmd/evaluate/evaluate.go:267.45,269.52 2 0
github.com/had-nu/wardex/v2/cmd/evaluate/evaluate.go:269.52,270.22 1 0
github.com/had-nu/wardex/v2/cmd/evaluate/evaluate.go:270.22,271.89 1 0
github.com/had-nu/wardex/v2/cmd/evaluate/evaluate.go:271.89,273.7 1 0
github.com/had-nu/wardex/v2/cmd/evaluate/evaluate.go:274.11,274.28 1 0
github.com/had-nu/wardex/v2/cmd/evaluate/evaluate.go:274.28,276.45 2 0
github.com/had-nu/wardex/v2/cmd/evaluate/evaluate.go:276.45,278.7 1 0
github.com/had-nu/wardex/v2/cmd/evaluate/evaluate.go:279.6,283.68 2 0
github.com/had-nu/wardex/v2/cmd/evaluate/evaluate.go:286.4,286.25 1 0
github.com/had-nu/wardex/v2/cmd/evaluate/evaluate.go:286.25,288.52 2 0
github.com/had-nu/wardex/v2/cmd/evaluate/evaluate.go:288.52,290.49 2 0
github.com/had-nu/wardex/v2/cmd/evaluate/evaluate.go:290.49,293.7 2 0
github.com/had-nu/wardex/v2/cmd/evaluate/evaluate.go:299.3,308.13 9 4
github.com/had-nu/wardex/v2/cmd/evaluate/evaluate.go:312.2,312.56 1 3
github.com/had-nu/wardex/v2/cmd/evaluate/evaluate.go:312.56,314.118 2 0
github.com/had-nu/wardex/v2/cmd/evaluate/evaluate.go:314.118,316.27 2 0
github.com/had-nu/wardex/v2/cmd/evaluate/evaluate.go:316.27,317.19 1 0
github.com/had-nu/wardex/v2/cmd/evaluate/evaluate.go:317.19,319.6 1 0
github.com/had-nu/wardex/v2/cmd/evaluate/evaluate.go:321.4,322.28 2 0
github.com/had-nu/wardex/v2/cmd/evaluate/evaluate.go:322.28,323.30 1 0
github.com/had-nu/wardex/v2/cmd/evaluate/evaluate.go:323.30,325.6 1 0
github.com/had-nu/wardex/v2/cmd/evaluate/evaluate.go:325.11,327.6 1 0
github.com/had-nu/wardex/v2/cmd/evaluate/evaluate.go:329.4,329.20 1 0
github.com/had-nu/wardex/v2/cmd/evaluate/evaluate.go:334.2,334.22 1 3
github.com/had-nu/wardex/v2/cmd/evaluate/evaluate.go:334.22,335.57 1 0
github.com/had-nu/wardex/v2/cmd/evaluate/evaluate.go:335.57,337.18 2 0
github.com/had-nu/wardex/v2/cmd/evaluate/evaluate.go:337.18,338.62 1 0
github.com/had-nu/wardex/v2/cmd/evaluate/evaluate.go:338.62,340.65 2 0
github.com/had-nu/wardex/v2/cmd/evaluate/evaluate.go:340.65,341.60 1 0
github.com/had-nu/wardex/v2/cmd/evaluate/evaluate.go:341.60,343.51 2 0
github.com/had-nu/wardex/v2/cmd/evaluate/evaluate.go:343.51,345.9 1 0
github.com/had-nu/wardex/v2/cmd/evaluate/evaluate.go:346.8,346.32 1 0
github.com/had-nu/wardex/v2/cmd/evaluate/evaluate.go:346.32,347.43 1 0
github.com/had-nu/wardex/v2/cmd/evaluate/evaluate.go:347.43,350.10 2 0
github.com/had-nu/wardex/v2/cmd/evaluate/evaluate.go:352.13,354.8 1 0
github.com/had-nu/wardex/v2/cmd/evaluate/evaluate.go:358.9,360.4 1 0
github.com/had-nu/wardex/v2/cmd/evaluate/evaluate.go:364.2,365.26 2 3
github.com/had-nu/wardex/v2/cmd/evaluate/evaluate.go:365.26,366.25 1 3
github.com/had-nu/wardex/v2/cmd/evaluate/evaluate.go:366.25,368.4 1 0
github.com/had-nu/wardex/v2/cmd/evaluate/evaluate.go:370.2,370.26 1 3
github.com/had-nu/wardex/v2/cmd/evaluate/evaluate.go:370.26,378.3 7 0
github.com/had-nu/wardex/v2/cmd/evaluate/evaluate.go:380.2,387.20 4 3
github.com/had-nu/wardex/v2/cmd/evaluate/evaluate.go:387.20,399.42 7 3
github.com/had-nu/wardex/v2/cmd/evaluate/evaluate.go:399.42,402.22 3 3
github.com/had-nu/wardex/v2/cmd/evaluate/evaluate.go:403.17,405.20 2 2
github.com/had-nu/wardex/v2/cmd/evaluate/evaluate.go:406.16,408.19 2 0
github.com/had-nu/wardex/v2/cmd/evaluate/evaluate.go:409.12,410.31 1 1
github.com/had-nu/wardex/v2/cmd/evaluate/evaluate.go:412.4,413.32 2 3
github.com/had-nu/wardex/v2/cmd/evaluate/evaluate.go:413.32,415.5 1 2
github.com/had-nu/wardex/v2/cmd/evaluate/evaluate.go:415.10,415.58 1 1
github.com/had-nu/wardex/v2/cmd/evaluate/evaluate.go:415.58,417.5 1 0
github.com/had-nu/wardex/v2/cmd/evaluate/evaluate.go:419.4,420.33 2 3
github.com/had-nu/wardex/v2/cmd/evaluate/evaluate.go:420.33,422.5 1 0
github.com/had-nu/wardex/v2/cmd/evaluate/evaluate.go:424.4,439.5 1 3
github.com/had-nu/wardex/v2/cmd/evaluate/evaluate.go:441.3,445.4 2 3
github.com/had-nu/wardex/v2/cmd/evaluate/evaluate.go:448.2,448.60 1 3
github.com/had-nu/wardex/v2/cmd/evaluate/evaluate.go:448.60,450.3 1 0
github.com/had-nu/wardex/v2/cmd/evaluate/evaluate.go:453.2,454.38 2 3
github.com/had-nu/wardex/v2/cmd/evaluate/evaluate.go:454.38,456.3 1 0
github.com/had-nu/wardex/v2/cmd/evaluate/evaluate.go:457.2,457.23 1 3
github.com/had-nu/wardex/v2/cmd/evaluate/evaluate.go:457.23,459.3 1 3
github.com/had-nu/wardex/v2/cmd/evaluate/evaluate.go:461.2,463.12 2 3
github.com/had-nu/wardex/v2/cmd/evaluate/evaluate.go:463.12,466.44 2 0
github.com/had-nu/wardex/v2/cmd/evaluate/evaluate.go:466.44,468.4 1 0
github.com/had-nu/wardex/v2/cmd/evaluate/evaluate.go:468.9,468.27 1 0
github.com/had-nu/wardex/v2/cmd/evaluate/evaluate.go:468.27,469.43 1 0
github.com/had-nu/wardex/v2/cmd/evaluate/evaluate.go:469.43,470.34 1 0
github.com/had-nu/wardex/v2/cmd/evaluate/evaluate.go:470.34,472.11 2 0
github.com/had-nu/wardex/v2/cmd/evaluate/evaluate.go:476.3,480.13 5 0
github.com/had-nu/wardex/v2/cmd/evaluate/evaluate.go:483.2,483.28 1 3
github.com/had-nu/wardex/v2/cmd/evaluate/evaluate.go:483.28,497.64 3 3
github.com/had-nu/wardex/v2/cmd/evaluate/evaluate.go:497.64,499.4 1 0
github.com/had-nu/wardex/v2/cmd/evaluate/evaluate.go:499.9,501.4 1 3
github.com/had-nu/wardex/v2/cmd/evaluate/evaluate.go:504.3,504.45 1 3
github.com/had-nu/wardex/v2/cmd/evaluate/evaluate.go:504.45,506.52 2 0
github.com/had-nu/wardex/v2/cmd/evaluate/evaluate.go:506.52,507.22 1 0
github.com/had-nu/wardex/v2/cmd/evaluate/evaluate.go:507.22,509.89 1 0
github.com/had-nu/wardex/v2/cmd/evaluate/evaluate.go:509.89,511.7 1 0
github.com/had-nu/wardex/v2/cmd/evaluate/evaluate.go:512.11,512.28 1 0
github.com/had-nu/wardex/v2/cmd/evaluate/evaluate.go:512.28,514.45 2 0
github.com/had-nu/wardex/v2/cmd/evaluate/evaluate.go:514.45,516.7 1 0
github.com/had-nu/wardex/v2/cmd/evaluate/evaluate.go:517.6,521.68 2 0
github.com/had-nu/wardex/v2/cmd/evaluate/evaluate.go:524.4,524.25 1 0
github.com/had-nu/wardex/v2/cmd/evaluate/evaluate.go:524.25,526.47 2 0
github.com/had-nu/wardex/v2/cmd/evaluate/evaluate.go:526.47,528.49 2 0
github.com/had-nu/wardex/v2/cmd/evaluate/evaluate.go:528.49,531.7 2 0
github.com/had-nu/wardex/v2/cmd/evaluate/evaluate.go:538.2,538.54 1 3
github.com/had-nu/wardex/v2/cmd/evaluate/evaluate.go:538.54,540.26 2 0
github.com/had-nu/wardex/v2/cmd/evaluate/evaluate.go:540.26,542.18 2 0
github.com/had-nu/wardex/v2/cmd/evaluate/evaluate.go:542.18,546.5 3 0
github.com/had-nu/wardex/v2/cmd/evaluate/evaluate.go:547.4,547.17 1 0
github.com/had-nu/wardex/v2/cmd/evaluate/evaluate.go:547.17,547.34 1 0
github.com/had-nu/wardex/v2/cmd/evaluate/evaluate.go:548.4,548.12 1 0
github.com/had-nu/wardex/v2/cmd/evaluate/evaluate.go:551.3,551.23 1 0
github.com/had-nu/wardex/v2/cmd/evaluate/evaluate.go:552.15,555.73 3 0
github.com/had-nu/wardex/v2/cmd/evaluate/evaluate.go:555.73,559.5 3 0
github.com/had-nu/wardex/v2/cmd/evaluate/evaluate.go:560.14,563.43 3 0
github.com/had-nu/wardex/v2/cmd/evaluate/evaluate.go:563.43,565.34 2 0
github.com/had-nu/wardex/v2/cmd/evaluate/evaluate.go:565.34,567.6 1 0
github.com/had-nu/wardex/v2/cmd/evaluate/evaluate.go:568.5,579.7 1 0
github.com/had-nu/wardex/v2/cmd/evaluate/evaluate.go:581.4,582.37 2 0
github.com/had-nu/wardex/v2/cmd/evaluate/evaluate.go:582.37,586.5 3 0
github.com/had-nu/wardex/v2/cmd/evaluate/evaluate.go:591.2,591.43 1 3
github.com/had-nu/wardex/v2/cmd/evaluate/evaluate.go:591.43,593.27 2 2
github.com/had-nu/wardex/v2/cmd/evaluate/evaluate.go:593.27,594.26 1 2
github.com/had-nu/wardex/v2/cmd/evaluate/evaluate.go:594.26,596.5 1 0
github.com/had-nu/wardex/v2/cmd/evaluate/evaluate.go:598.3,598.22 1 2
github.com/had-nu/wardex/v2/cmd/evaluate/evaluate.go:598.22,601.4 2 0
github.com/had-nu/wardex/v2/cmd/evaluate/evaluate.go:602.3,603.13 2 2
github.com/had-nu/wardex/v2/cmd/evaluate/evaluate.go:606.2,607.12 2 1
github.com/had-nu/wardex/v2/cmd/evaluate/evaluate_helpers.go:19.97,22.38 2 8
github.com/had-nu/wardex/v2/cmd/evaluate/evaluate_helpers.go:22.38,24.17 2 0
github.com/had-nu/wardex/v2/cmd/evaluate/evaluate_helpers.go:24.17,26.4 1 0
github.com/had-nu/wardex/v2/cmd/evaluate/evaluate_helpers.go:28.3,29.32 2 0
github.com/had-nu/wardex/v2/cmd/evaluate/evaluate_helpers.go:29.32,31.4 1 0
github.com/had-nu/wardex/v2/cmd/evaluate/evaluate_helpers.go:32.3,33.17 2 0
github.com/had-nu/wardex/v2/cmd/evaluate/evaluate_helpers.go:33.17,35.4 1 0
github.com/had-nu/wardex/v2/cmd/evaluate/evaluate_helpers.go:36.3,37.17 2 0
github.com/had-nu/wardex/v2/cmd/evaluate/evaluate_helpers.go:37.17,39.4 1 0
github.com/had-nu/wardex/v2/cmd/evaluate/evaluate_helpers.go:40.3,40.67 1 0
github.com/had-nu/wardex/v2/cmd/evaluate/evaluate_helpers.go:40.67,42.4 1 0
github.com/had-nu/wardex/v2/cmd/evaluate/evaluate_helpers.go:44.3,48.68 3 0
github.com/had-nu/wardex/v2/cmd/evaluate/evaluate_helpers.go:48.68,50.4 1 0
github.com/had-nu/wardex/v2/cmd/evaluate/evaluate_helpers.go:51.3,51.33 1 0
github.com/had-nu/wardex/v2/cmd/evaluate/evaluate_helpers.go:51.33,53.4 1 0
github.com/had-nu/wardex/v2/cmd/evaluate/evaluate_helpers.go:54.8,55.13 1 8
github.com/had-nu/wardex/v2/cmd/evaluate/evaluate_helpers.go:55.13,57.4 1 1
github.com/had-nu/wardex/v2/cmd/evaluate/evaluate_helpers.go:58.3,58.13 1 7
github.com/had-nu/wardex/v2/cmd/evaluate/evaluate_helpers.go:58.13,60.4 1 0
github.com/had-nu/wardex/v2/cmd/evaluate/evaluate_helpers.go:61.3,63.17 3 7
github.com/had-nu/wardex/v2/cmd/evaluate/evaluate_helpers.go:63.17,66.4 2 0
github.com/had-nu/wardex/v2/cmd/evaluate/evaluate_helpers.go:70.2,70.23 1 7
github.com/had-nu/wardex/v2/cmd/evaluate/evaluate_helpers.go:70.23,71.45 1 0
github.com/had-nu/wardex/v2/cmd/evaluate/evaluate_helpers.go:71.45,73.19 2 0
github.com/had-nu/wardex/v2/cmd/evaluate/evaluate_helpers.go:73.19,75.5 1 0
github.com/had-nu/wardex/v2/cmd/evaluate/evaluate_helpers.go:76.4,76.19 1 0
github.com/had-nu/wardex/v2/cmd/evaluate/evaluate_helpers.go:76.19,78.5 1 0
github.com/had-nu/wardex/v2/cmd/evaluate/evaluate_helpers.go:79.4,80.38 2 0
github.com/had-nu/wardex/v2/cmd/evaluate/evaluate_helpers.go:80.38,81.31 1 0
github.com/had-nu/wardex/v2/cmd/evaluate/evaluate_helpers.go:81.31,83.11 2 0
github.com/had-nu/wardex/v2/cmd/evaluate/evaluate_helpers.go:86.4,86.16 1 0
github.com/had-nu/wardex/v2/cmd/evaluate/evaluate_helpers.go:86.16,88.5 1 0
github.com/had-nu/wardex/v2/cmd/evaluate/evaluate_helpers.go:88.10,92.5 3 0
github.com/had-nu/wardex/v2/cmd/evaluate/evaluate_helpers.go:93.9,95.4 1 0
github.com/had-nu/wardex/v2/cmd/evaluate/evaluate_helpers.go:98.2,98.17 1 7
github.com/had-nu/wardex/v2/cmd/evaluate/evaluate_helpers.go:103.93,105.16 2 7
github.com/had-nu/wardex/v2/cmd/evaluate/evaluate_helpers.go:105.16,107.3 1 0
github.com/had-nu/wardex/v2/cmd/evaluate/evaluate_helpers.go:108.2,109.16 2 7
github.com/had-nu/wardex/v2/cmd/evaluate/evaluate_helpers.go:109.16,111.3 1 0
github.com/had-nu/wardex/v2/cmd/evaluate/evaluate_helpers.go:113.2,114.56 2 7
github.com/had-nu/wardex/v2/cmd/evaluate/evaluate_helpers.go:114.56,116.3 1 7
github.com/had-nu/wardex/v2/cmd/evaluate/evaluate_helpers.go:118.2,119.62 2 7
github.com/had-nu/wardex/v2/cmd/evaluate/evaluate_helpers.go:119.62,121.3 1 0
github.com/had-nu/wardex/v2/cmd/evaluate/evaluate_helpers.go:123.2,123.37 1 7
github.com/had-nu/wardex/v2/cmd/evaluate/evaluate_helpers.go:123.37,124.13 1 1
github.com/had-nu/wardex/v2/cmd/evaluate/evaluate_helpers.go:124.13,126.4 1 0
github.com/had-nu/wardex/v2/cmd/evaluate/evaluate_helpers.go:127.3,127.183 1 1
github.com/had-nu/wardex/v2/cmd/evaluate/evaluate_helpers.go:130.2,130.57 1 7
github.com/had-nu/wardex/v2/cmd/evaluate/evaluate_helpers.go:134.18,136.27 2 7
github.com/had-nu/wardex/v2/cmd/evaluate/evaluate_helpers.go:136.27,137.44 1 42
github.com/had-nu/wardex/v2/cmd/evaluate/evaluate_helpers.go:137.44,139.4 1 0
github.com/had-nu/wardex/v2/cmd/evaluate/evaluate_helpers.go:141.2,141.14 1 7
github.com/had-nu/wardex/v2/cmd/evaluate/evaluate_helpers.go:145.45,146.12 1 8
github.com/had-nu/wardex/v2/cmd/evaluate/evaluate_helpers.go:146.12,148.3 1 2
github.com/had-nu/wardex/v2/cmd/evaluate/evaluate_helpers.go:149.2,151.13 3 6
github.com/had-nu/wardex/v2/cmd/evaluate/evaluate_helpers.go:151.13,153.3 1 3
github.com/had-nu/wardex/v2/cmd/evaluate/evaluate_helpers.go:154.2,154.37 1 3
github.com/had-nu/wardex/v2/cmd/evaluate/evaluate_helpers.go:159.46,161.23 2 7
github.com/had-nu/wardex/v2/cmd/evaluate/evaluate_helpers.go:161.23,163.3 1 0
github.com/had-nu/wardex/v2/cmd/evaluate/evaluate_helpers.go:164.2,164.19 1 7
github.com/had-nu/wardex/v2/cmd/evaluate/evaluate_helpers.go:164.19,166.3 1 0
github.com/had-nu/wardex/v2/cmd/evaluate/evaluate_helpers.go:167.2,167.22 1 7
github.com/had-nu/wardex/v2/cmd/evaluate/evaluate_helpers.go:167.22,169.3 1 0
github.com/had-nu/wardex/v2/cmd/evaluate/evaluate_helpers.go:170.2,170.23 1 7
github.com/had-nu/wardex/v2/cmd/evaluate/evaluate_helpers.go:170.23,172.3 1 0
github.com/had-nu/wardex/v2/cmd/evaluate/evaluate_helpers.go:173.2,173.12 1 7
github.com/had-nu/wardex/v2/cmd/evaluate/evaluate_helpers.go:173.12,175.3 1 0
github.com/had-nu/wardex/v2/cmd/evaluate/evaluate_helpers.go:176.2,176.12 1 7
github.com/had-nu/wardex/v2/cmd/evaluate/evaluate_helpers.go:176.12,178.3 1 0
github.com/had-nu/wardex/v2/cmd/evaluate/evaluate_helpers.go:179.2,179.18 1 7
github.com/had-nu/wardex/v2/cmd/audit/audit.go:17.13,20.2 2 0
github.com/had-nu/wardex/v2/cmd/audit/verify_chain.go:25.13,28.2 2 0
github.com/had-nu/wardex/v2/cmd/audit/verify_chain.go:30.62,32.16 2 0
github.com/had-nu/wardex/v2/cmd/audit/verify_chain.go:32.16,36.3 3 0
github.com/had-nu/wardex/v2/cmd/audit/verify_chain.go:38.2,39.16 2 0
github.com/had-nu/wardex/v2/cmd/audit/verify_chain.go:39.16,43.3 3 0
github.com/had-nu/wardex/v2/cmd/audit/verify_chain.go:45.2,45.9 1 0
github.com/had-nu/wardex/v2/cmd/audit/verify_chain.go:45.9,49.3 3 0
github.com/had-nu/wardex/v2/cmd/audit/verify_chain.go:51.2,52.12 2 0
github.com/had-nu/wardex/v2/cmd/audit/verify_link.go:37.13,45.2 7 0
github.com/had-nu/wardex/v2/cmd/audit/verify_link.go:47.61,49.16 2 0
github.com/had-nu/wardex/v2/cmd/audit/verify_link.go:49.16,53.3 3 0
github.com/had-nu/wardex/v2/cmd/audit/verify_link.go:55.2,56.24 2 0
github.com/had-nu/wardex/v2/cmd/audit/verify_link.go:56.24,58.3 1 0
github.com/had-nu/wardex/v2/cmd/audit/verify_link.go:58.8,60.3 1 0
github.com/had-nu/wardex/v2/cmd/audit/verify_link.go:61.2,61.16 1 0
github.com/had-nu/wardex/v2/cmd/audit/verify_link.go:61.16,65.3 3 0
github.com/had-nu/wardex/v2/cmd/audit/verify_link.go:67.2,74.28 2 0
github.com/had-nu/wardex/v2/cmd/audit/verify_link.go:74.28,75.19 1 0
github.com/had-nu/wardex/v2/cmd/audit/verify_link.go:76.21,77.16 1 0
github.com/had-nu/wardex/v2/cmd/audit/verify_link.go:78.27,79.22 1 0
github.com/had-nu/wardex/v2/cmd/audit/verify_link.go:80.26,81.21 1 0
github.com/had-nu/wardex/v2/cmd/audit/verify_link.go:85.2,92.49 4 0
github.com/had-nu/wardex/v2/cmd/audit/verify_link.go:92.49,93.23 1 0
github.com/had-nu/wardex/v2/cmd/audit/verify_link.go:93.23,95.4 1 0
github.com/had-nu/wardex/v2/cmd/audit/verify_link.go:96.3,96.13 1 0
github.com/had-nu/wardex/v2/cmd/audit/verify_link.go:99.2,99.12 1 0
github.com/had-nu/wardex/v2/cmd/audit/verify_link.go:102.104,115.28 2 0
github.com/had-nu/wardex/v2/cmd/audit/verify_link.go:115.28,116.31 1 0
github.com/had-nu/wardex/v2/cmd/audit/verify_link.go:116.31,124.4 1 0
github.com/had-nu/wardex/v2/cmd/audit/verify_link.go:127.2,128.27 2 0
github.com/had-nu/wardex/v2/cmd/audit/verify_link.go:128.27,130.3 1 0
github.com/had-nu/wardex/v2/cmd/audit/verify_link.go:132.2,141.56 2 0
github.com/had-nu/wardex/v2/cmd/audit/verify_link.go:141.56,143.3 1 0
github.com/had-nu/wardex/v2/main.go:76.54,77.48 1 0
github.com/had-nu/wardex/v2/main.go:77.48,79.4 1 0
github.com/had-nu/wardex/v2/main.go:80.3,80.20 1 0
github.com/had-nu/wardex/v2/main.go:80.20,82.4 1 0
github.com/had-nu/wardex/v2/main.go:83.3,83.13 1 0
github.com/had-nu/wardex/v2/main.go:91.57,92.20 1 0
github.com/had-nu/wardex/v2/main.go:92.20,95.3 2 0
github.com/had-nu/wardex/v2/main.go:96.2,99.43 4 0
github.com/had-nu/wardex/v2/main.go:99.43,100.15 1 0
github.com/had-nu/wardex/v2/main.go:100.15,102.4 1 0
github.com/had-nu/wardex/v2/main.go:103.3,104.69 2 0
github.com/had-nu/wardex/v2/main.go:104.69,106.4 1 0
github.com/had-nu/wardex/v2/main.go:107.3,108.28 2 0
github.com/had-nu/wardex/v2/main.go:108.28,110.4 1 0
github.com/had-nu/wardex/v2/main.go:110.9,112.4 1 0
github.com/had-nu/wardex/v2/main.go:114.2,114.30 1 0
github.com/had-nu/wardex/v2/main.go:114.30,115.54 1 0
github.com/had-nu/wardex/v2/main.go:115.54,116.41 1 0
github.com/had-nu/wardex/v2/main.go:116.41,118.5 1 0
github.com/had-nu/wardex/v2/main.go:119.4,120.70 2 0
github.com/had-nu/wardex/v2/main.go:120.70,122.5 1 0
github.com/had-nu/wardex/v2/main.go:123.4,124.18 2 0
github.com/had-nu/wardex/v2/main.go:127.2,128.18 2 0
github.com/had-nu/wardex/v2/main.go:128.18,131.3 2 0
github.com/had-nu/wardex/v2/main.go:132.2,132.35 1 0
github.com/had-nu/wardex/v2/main.go:132.35,134.38 2 0
github.com/had-nu/wardex/v2/main.go:134.38,135.56 1 0
github.com/had-nu/wardex/v2/main.go:135.56,137.5 1 0
github.com/had-nu/wardex/v2/main.go:140.2,140.124 1 0
github.com/had-nu/wardex/v2/main.go:143.13,176.2 30 0
github.com/had-nu/wardex/v2/main.go:178.13,180.42 2 0
github.com/had-nu/wardex/v2/main.go:180.42,183.3 2 0
github.com/had-nu/wardex/v2/main.go:186.51,189.16 2 0
github.com/had-nu/wardex/v2/main.go:189.16,192.3 2 0
github.com/had-nu/wardex/v2/main.go:194.2,194.23 1 0
github.com/had-nu/wardex/v2/main.go:194.23,195.45 1 0
github.com/had-nu/wardex/v2/main.go:195.45,197.19 2 0
github.com/had-nu/wardex/v2/main.go:197.19,199.5 1 0
github.com/had-nu/wardex/v2/main.go:200.4,200.19 1 0
github.com/had-nu/wardex/v2/main.go:200.19,202.5 1 0
github.com/had-nu/wardex/v2/main.go:204.4,205.33 2 0
github.com/had-nu/wardex/v2/main.go:205.33,207.5 1 0
github.com/had-nu/wardex/v2/main.go:207.10,208.39 1 0
github.com/had-nu/wardex/v2/main.go:208.39,209.32 1 0
github.com/had-nu/wardex/v2/main.go:209.32,211.12 2 0
github.com/had-nu/wardex/v2/main.go:216.4,216.16 1 0
github.com/had-nu/wardex/v2/main.go:216.16,218.5 1 0
github.com/had-nu/wardex/v2/main.go:218.10,222.5 3 0
github.com/had-nu/wardex/v2/main.go:223.9,225.4 1 0
github.com/had-nu/wardex/v2/main.go:228.2,229.16 2 0
github.com/had-nu/wardex/v2/main.go:229.16,232.3 2 0
github.com/had-nu/wardex/v2/main.go:234.2,235.16 2 0
github.com/had-nu/wardex/v2/main.go:235.16,238.3 2 0
github.com/had-nu/wardex/v2/main.go:239.2,241.16 3 0
github.com/had-nu/wardex/v2/main.go:241.16,244.3 2 0
github.com/had-nu/wardex/v2/main.go:247.2,248.29 2 0
github.com/had-nu/wardex/v2/main.go:248.29,249.55 1 0
github.com/had-nu/wardex/v2/main.go:249.55,250.12 1 0
github.com/had-nu/wardex/v2/main.go:252.3,252.33 1 0
github.com/had-nu/wardex/v2/main.go:255.2,257.16 3 0
github.com/had-nu/wardex/v2/main.go:257.16,260.3 2 0
github.com/had-nu/wardex/v2/main.go:262.2,263.29 2 0
github.com/had-nu/wardex/v2/main.go:263.29,264.38 1 0
github.com/had-nu/wardex/v2/main.go:264.38,266.4 1 0
github.com/had-nu/wardex/v2/main.go:269.2,269.42 1 0
github.com/had-nu/wardex/v2/main.go:269.42,270.47 1 0
github.com/had-nu/wardex/v2/main.go:270.47,271.65 1 0
github.com/had-nu/wardex/v2/main.go:271.65,273.5 1 0
github.com/had-nu/wardex/v2/main.go:277.2,286.29 3 0
github.com/had-nu/wardex/v2/main.go:286.29,288.16 2 0
github.com/had-nu/wardex/v2/main.go:288.16,290.4 1 0
github.com/had-nu/wardex/v2/main.go:291.3,292.10 2 0
github.com/had-nu/wardex/v2/main.go:292.10,295.4 2 0
github.com/had-nu/wardex/v2/main.go:296.3,297.19 2 0
github.com/had-nu/wardex/v2/main.go:298.28,299.21 1 0
github.com/had-nu/wardex/v2/main.go:300.28,301.21 1 0
github.com/had-nu/wardex/v2/main.go:302.11,303.17 1 0
github.com/had-nu/wardex/v2/main.go:305.3,305.35 1 0
github.com/had-nu/wardex/v2/main.go:308.2,308.31 1 0
github.com/had-nu/wardex/v2/main.go:308.31,309.27 1 0
github.com/had-nu/wardex/v2/main.go:309.27,311.4 1 0
github.com/had-nu/wardex/v2/main.go:312.3,312.73 1 0
github.com/had-nu/wardex/v2/main.go:315.2,316.29 2 0
github.com/had-nu/wardex/v2/main.go:316.29,317.19 1 0
github.com/had-nu/wardex/v2/main.go:318.28,319.30 1 0
github.com/had-nu/wardex/v2/main.go:320.28,321.30 1 0
github.com/had-nu/wardex/v2/main.go:322.11,323.26 1 0
github.com/had-nu/wardex/v2/main.go:326.2,329.47 3 0
github.com/had-nu/wardex/v2/main.go:329.47,331.33 2 0
github.com/had-nu/wardex/v2/main.go:331.33,333.4 1 0
github.com/had-nu/wardex/v2/main.go:334.3,334.24 1 0
github.com/had-nu/wardex/v2/main.go:334.24,336.4 1 0
github.com/had-nu/wardex/v2/main.go:338.3,349.17 4 0
github.com/had-nu/wardex/v2/main.go:349.17,352.4 2 0
github.com/had-nu/wardex/v2/main.go:353.3,354.17 2 0
github.com/had-nu/wardex/v2/main.go:354.17,357.4 2 0
github.com/had-nu/wardex/v2/main.go:358.3,361.61 2 0
github.com/had-nu/wardex/v2/main.go:361.61,364.4 2 0
github.com/had-nu/wardex/v2/main.go:366.3,366.57 1 0
github.com/had-nu/wardex/v2/main.go:366.57,368.119 2 0
github.com/had-nu/wardex/v2/main.go:368.119,370.28 2 0
github.com/had-nu/wardex/v2/main.go:370.28,371.20 1 0
github.com/had-nu/wardex/v2/main.go:371.20,373.7 1 0
github.com/had-nu/wardex/v2/main.go:375.5,376.51 2 0
github.com/had-nu/wardex/v2/main.go:376.51,377.31 1 0
github.com/had-nu/wardex/v2/main.go:377.31,379.7 1 0
github.com/had-nu/wardex/v2/main.go:379.12,381.7 1 0
github.com/had-nu/wardex/v2/main.go:383.5,383.43 1 0
github.com/had-nu/wardex/v2/main.go:387.3,387.23 1 0
github.com/had-nu/wardex/v2/main.go:387.23,388.58 1 0
github.com/had-nu/wardex/v2/main.go:388.58,391.19 3 0
github.com/had-nu/wardex/v2/main.go:391.19,394.6 2 0
github.com/had-nu/wardex/v2/main.go:395.5,396.19 2 0
github.com/had-nu/wardex/v2/main.go:396.19,398.65 2 0
github.com/had-nu/wardex/v2/main.go:398.65,399.60 1 0
github.com/had-nu/wardex/v2/main.go:399.60,401.51 2 0
github.com/had-nu/wardex/v2/main.go:401.51,403.9 1 0
github.com/had-nu/wardex/v2/main.go:404.8,404.54 1 0
github.com/had-nu/wardex/v2/main.go:404.54,405.43 1 0
github.com/had-nu/wardex/v2/main.go:405.43,408.10 2 0
github.com/had-nu/wardex/v2/main.go:410.13,412.8 1 0
github.com/had-nu/wardex/v2/main.go:415.10,417.5 1 0
github.com/had-nu/wardex/v2/main.go:420.3,422.37 3 0
github.com/had-nu/wardex/v2/main.go:423.16,426.50 3 0
github.com/had-nu/wardex/v2/main.go:426.50,427.27 1 0
github.com/had-nu/wardex/v2/main.go:427.27,429.6 1 0
github.com/had-nu/wardex/v2/main.go:431.4,431.23 1 0
github.com/had-nu/wardex/v2/main.go:431.23,434.5 2 0
github.com/had-nu/wardex/v2/main.go:435.15,436.123 1 0
github.com/had-nu/wardex/v2/main.go:440.2,440.17 1 0
github.com/had-nu/wardex/v2/main.go:440.17,442.18 2 0
github.com/had-nu/wardex/v2/main.go:442.18,445.4 2 0
github.com/had-nu/wardex/v2/main.go:446.3,446.59 1 0
github.com/had-nu/wardex/v2/main.go:446.59,448.4 1 0
github.com/had-nu/wardex/v2/main.go:451.2,452.62 2 0
github.com/had-nu/wardex/v2/main.go:452.62,454.3 1 0
github.com/had-nu/wardex/v2/main.go:455.2,456.55 2 0
github.com/had-nu/wardex/v2/main.go:456.55,458.3 1 0
github.com/had-nu/wardex/v2/main.go:460.2,460.86 1 0
github.com/had-nu/wardex/v2/main.go:460.86,463.3 2 0
github.com/had-nu/wardex/v2/main.go:465.2,465.16 1 0
github.com/had-nu/wardex/v2/main.go:465.16,467.3 1 0
github.com/had-nu/wardex/v2/main.go:469.2,470.19 2 0
github.com/had-nu/wardex/v2/main.go:470.19,471.37 1 0
github.com/had-nu/wardex/v2/main.go:471.37,472.34 1 0
github.com/had-nu/wardex/v2/main.go:472.34,474.10 2 0
github.com/had-nu/wardex/v2/main.go:479.2,479.14 1 0
github.com/had-nu/wardex/v2/main.go:479.14,481.3 1 0
github.com/had-nu/wardex/v2/main.go:482.2,482.23 1 0
github.com/had-nu/wardex/v2/cmd/keygen/keygen.go:33.13,39.2 4 0
github.com/had-nu/wardex/v2/cmd/keygen/keygen.go:41.57,43.16 2 0
github.com/had-nu/wardex/v2/cmd/keygen/keygen.go:43.16,45.3 1 0
github.com/had-nu/wardex/v2/cmd/keygen/keygen.go:47.2,53.12 6 0
github.com/had-nu/wardex/v2/cmd/trust/trust.go:84.13,117.2 25 0
github.com/had-nu/wardex/v2/cmd/trust/trust.go:119.60,120.83 1 0
github.com/had-nu/wardex/v2/cmd/trust/trust.go:120.83,122.3 1 0
github.com/had-nu/wardex/v2/cmd/trust/trust.go:125.2,126.16 2 0
github.com/had-nu/wardex/v2/cmd/trust/trust.go:126.16,128.3 1 0
github.com/had-nu/wardex/v2/cmd/trust/trust.go:130.2,143.31 13 0
github.com/had-nu/wardex/v2/cmd/trust/trust.go:143.31,147.3 1 0
github.com/had-nu/wardex/v2/cmd/trust/trust.go:149.2,149.12 1 0
github.com/had-nu/wardex/v2/cmd/trust/trust.go:152.40,154.16 2 0
github.com/had-nu/wardex/v2/cmd/trust/trust.go:154.16,156.3 1 0
github.com/had-nu/wardex/v2/cmd/trust/trust.go:157.2,158.6 2 0
github.com/had-nu/wardex/v2/cmd/trust/trust.go:158.6,159.64 1 0
github.com/had-nu/wardex/v2/cmd/trust/trust.go:159.64,161.4 1 0
github.com/had-nu/wardex/v2/cmd/trust/trust.go:162.3,163.20 2 0
github.com/had-nu/wardex/v2/cmd/trust/trust.go:163.20,164.9 1 0
github.com/had-nu/wardex/v2/cmd/trust/trust.go:166.3,166.15 1 0
github.com/had-nu/wardex/v2/cmd/trust/trust.go:168.2,168.14 1 0
github.com/had-nu/wardex/v2/cmd/trust/trust.go:171.59,173.97 2 0
github.com/had-nu/wardex/v2/cmd/trust/trust.go:173.97,175.3 1 0
github.com/had-nu/wardex/v2/cmd/trust/trust.go:178.2,179.16 2 0
github.com/had-nu/wardex/v2/cmd/trust/trust.go:179.16,181.3 1 0
github.com/had-nu/wardex/v2/cmd/trust/trust.go:183.2,195.12 11 0
github.com/had-nu/wardex/v2/cmd/trust/trust.go:198.62,199.88 1 0
github.com/had-nu/wardex/v2/cmd/trust/trust.go:199.88,201.3 1 0
github.com/had-nu/wardex/v2/cmd/trust/trust.go:203.2,211.12 8 0
github.com/had-nu/wardex/v2/cmd/simulate/simulate.go:17.47,45.17 4 0
github.com/had-nu/wardex/v2/cmd/simulate/simulate.go:45.17,48.4 2 0
github.com/had-nu/wardex/v2/cmd/simulate/simulate.go:50.3,55.42 5 0
github.com/had-nu/wardex/v2/cmd/policy/policy.go:50.65,52.16 2 0
github.com/had-nu/wardex/v2/cmd/policy/policy.go:52.16,54.3 1 0
github.com/had-nu/wardex/v2/cmd/policy/policy.go:56.2,57.28 2 0
github.com/had-nu/wardex/v2/cmd/policy/policy.go:57.28,59.3 1 0
github.com/had-nu/wardex/v2/cmd/policy/policy.go:61.2,65.12 2 0
github.com/had-nu/wardex/v2/cmd/policy/policy.go:77.42,78.11 1 0
github.com/had-nu/wardex/v2/cmd/policy/policy.go:79.30,80.18 1 0
github.com/had-nu/wardex/v2/cmd/policy/policy.go:81.28,82.19 1 0
github.com/had-nu/wardex/v2/cmd/policy/policy.go:83.33,84.16 1 0
github.com/had-nu/wardex/v2/cmd/policy/policy.go:85.10,86.17 1 0
github.com/had-nu/wardex/v2/cmd/policy/policy.go:90.43,92.30 2 0
github.com/had-nu/wardex/v2/cmd/policy/policy.go:92.30,94.3 1 0
github.com/had-nu/wardex/v2/cmd/policy/policy.go:95.2,95.38 1 0
github.com/had-nu/wardex/v2/cmd/policy/policy.go:95.38,97.3 1 0
github.com/had-nu/wardex/v2/cmd/policy/policy.go:98.2,98.11 1 0
github.com/had-nu/wardex/v2/cmd/policy/policy.go:101.61,103.16 2 0
github.com/had-nu/wardex/v2/cmd/policy/policy.go:103.16,105.3 1 0
github.com/had-nu/wardex/v2/cmd/policy/policy.go:107.2,112.28 2 0
github.com/had-nu/wardex/v2/cmd/policy/policy.go:112.28,113.32 1 0
github.com/had-nu/wardex/v2/cmd/policy/policy.go:113.32,119.4 1 0
github.com/had-nu/wardex/v2/cmd/policy/policy.go:121.2,122.12 2 0
github.com/had-nu/wardex/v2/cmd/policy/policy.go:133.68,135.16 2 0
github.com/had-nu/wardex/v2/cmd/policy/policy.go:135.16,137.3 1 0
github.com/had-nu/wardex/v2/cmd/policy/policy.go:139.2,147.28 4 0
github.com/had-nu/wardex/v2/cmd/policy/policy.go:147.28,148.32 1 0
github.com/had-nu/wardex/v2/cmd/policy/policy.go:148.32,149.35 1 0
github.com/had-nu/wardex/v2/cmd/policy/policy.go:149.35,150.23 1 0
github.com/had-nu/wardex/v2/cmd/policy/policy.go:150.23,151.14 1 0
github.com/had-nu/wardex/v2/cmd/policy/policy.go:153.5,154.19 2 0
github.com/had-nu/wardex/v2/cmd/policy/policy.go:154.19,155.14 1 0
github.com/had-nu/wardex/v2/cmd/policy/policy.go:157.5,157.27 1 0
github.com/had-nu/wardex/v2/cmd/policy/policy.go:157.27,164.6 2 0
github.com/had-nu/wardex/v2/cmd/policy/policy.go:169.2,169.22 1 0
github.com/had-nu/wardex/v2/cmd/policy/policy.go:169.22,173.3 3 0
github.com/had-nu/wardex/v2/cmd/policy/policy.go:175.2,176.12 2 0
github.com/had-nu/wardex/v2/cmd/policy/policy.go:198.13,211.2 8 0
github.com/had-nu/wardex/v2/cmd/policy/policy.go:213.60,223.16 8 0
github.com/had-nu/wardex/v2/cmd/policy/policy.go:223.16,225.3 1 0
github.com/had-nu/wardex/v2/cmd/policy/policy.go:227.2,231.9 3 0
github.com/had-nu/wardex/v2/cmd/policy/policy.go:232.18,233.50 1 0
github.com/had-nu/wardex/v2/cmd/policy/policy.go:233.50,235.4 1 0
github.com/had-nu/wardex/v2/cmd/policy/policy.go:236.26,236.26 0 0
github.com/had-nu/wardex/v2/cmd/policy/policy.go:240.10,241.49 1 0
github.com/had-nu/wardex/v2/cmd/policy/policy.go:244.2,256.31 3 0
github.com/had-nu/wardex/v2/cmd/policy/policy.go:256.31,257.17 1 0
github.com/had-nu/wardex/v2/cmd/policy/policy.go:257.17,260.9 3 0
github.com/had-nu/wardex/v2/cmd/policy/policy.go:263.2,263.14 1 0
github.com/had-nu/wardex/v2/cmd/policy/policy.go:263.14,265.3 1 0
github.com/had-nu/wardex/v2/cmd/policy/policy.go:267.2,268.16 2 0
github.com/had-nu/wardex/v2/cmd/policy/policy.go:268.16,270.3 1 0
github.com/had-nu/wardex/v2/cmd/policy/policy.go:273.2,273.54 1 0
github.com/had-nu/wardex/v2/cmd/policy/policy.go:273.54,275.3 1 0
github.com/had-nu/wardex/v2/cmd/policy/policy.go:277.2,278.13 2 0
github.com/had-nu/wardex/v2/cmd/policy/policy.go:278.13,280.3 1 0
github.com/had-nu/wardex/v2/cmd/policy/policy.go:281.2,282.12 2 0
github.com/had-nu/wardex/v2/internal/cpl/blake3.go:9.49,12.2 2 0
github.com/had-nu/wardex/v2/internal/cpl/chain.go:12.44,14.21 2 5
github.com/had-nu/wardex/v2/internal/cpl/chain.go:14.21,16.3 1 0
github.com/had-nu/wardex/v2/internal/cpl/chain.go:18.2,19.29 2 5
github.com/had-nu/wardex/v2/internal/cpl/chain.go:19.29,21.21 2 8
github.com/had-nu/wardex/v2/internal/cpl/chain.go:21.21,22.12 1 0
github.com/had-nu/wardex/v2/internal/cpl/chain.go:25.3,28.54 2 8
github.com/had-nu/wardex/v2/internal/cpl/chain.go:28.54,30.4 1 0
github.com/had-nu/wardex/v2/internal/cpl/chain.go:32.3,32.13 1 8
github.com/had-nu/wardex/v2/internal/cpl/chain.go:32.13,33.39 1 5
github.com/had-nu/wardex/v2/internal/cpl/chain.go:33.39,35.5 1 1
github.com/had-nu/wardex/v2/internal/cpl/chain.go:36.9,37.42 1 3
github.com/had-nu/wardex/v2/internal/cpl/chain.go:37.42,39.5 1 3
github.com/had-nu/wardex/v2/internal/cpl/chain.go:42.3,43.42 2 4
github.com/had-nu/wardex/v2/internal/cpl/chain.go:45.2,45.18 1 1
github.com/had-nu/wardex/v2/internal/cpl/hash.go:20.36,21.11 1 0
github.com/had-nu/wardex/v2/internal/cpl/hash.go:22.18,23.18 1 0
github.com/had-nu/wardex/v2/internal/cpl/hash.go:24.18,25.18 1 0
github.com/had-nu/wardex/v2/internal/cpl/hash.go:26.10,27.19 1 0
github.com/had-nu/wardex/v2/internal/cpl/hash.go:31.36,32.11 1 0
github.com/had-nu/wardex/v2/internal/cpl/hash.go:33.18,34.19 1 0
github.com/had-nu/wardex/v2/internal/cpl/hash.go:35.18,36.19 1 0
github.com/had-nu/wardex/v2/internal/cpl/hash.go:37.10,38.12 1 0
github.com/had-nu/wardex/v2/internal/cpl/hash.go:42.59,43.40 1 9
github.com/had-nu/wardex/v2/internal/cpl/hash.go:43.40,45.3 1 5
github.com/had-nu/wardex/v2/internal/cpl/hash.go:46.2,46.40 1 4
github.com/had-nu/wardex/v2/internal/cpl/hash.go:46.40,48.3 1 1
github.com/had-nu/wardex/v2/internal/cpl/hash.go:49.2,49.88 1 3
github.com/had-nu/wardex/v2/internal/cpl/hash.go:52.50,54.51 2 16
github.com/had-nu/wardex/v2/internal/cpl/hash.go:54.51,56.3 1 1
github.com/had-nu/wardex/v2/internal/cpl/hash.go:57.2,58.16 2 15
github.com/had-nu/wardex/v2/internal/cpl/hash.go:58.16,60.3 1 0
github.com/had-nu/wardex/v2/internal/cpl/hash.go:61.2,61.17 1 15
github.com/had-nu/wardex/v2/internal/cpl/hash.go:64.68,66.16 2 16
github.com/had-nu/wardex/v2/internal/cpl/hash.go:66.16,68.3 1 1
github.com/had-nu/wardex/v2/internal/cpl/hash.go:70.2,70.14 1 15
github.com/had-nu/wardex/v2/internal/cpl/hash.go:71.18,73.42 2 15
github.com/had-nu/wardex/v2/internal/cpl/hash.go:74.18,75.30 1 0
github.com/had-nu/wardex/v2/internal/cpl/hash.go:76.10,77.63 1 0
github.com/had-nu/wardex/v2/internal/cpl/verifylink.go:34.69,36.21 2 1
github.com/had-nu/wardex/v2/internal/cpl/verifylink.go:36.21,38.3 1 0
github.com/had-nu/wardex/v2/internal/cpl/verifylink.go:40.2,41.29 2 1
github.com/had-nu/wardex/v2/internal/cpl/verifylink.go:41.29,43.21 2 1
github.com/had-nu/wardex/v2/internal/cpl/verifylink.go:43.21,44.12 1 0
github.com/had-nu/wardex/v2/internal/cpl/verifylink.go:47.3,48.54 2 1
github.com/had-nu/wardex/v2/internal/cpl/verifylink.go:48.54,50.4 1 0
github.com/had-nu/wardex/v2/internal/cpl/verifylink.go:52.3,52.29 1 1
github.com/had-nu/wardex/v2/internal/cpl/verifylink.go:52.29,53.12 1 0
github.com/had-nu/wardex/v2/internal/cpl/verifylink.go:56.3,62.17 3 1
github.com/had-nu/wardex/v2/internal/cpl/verifylink.go:62.17,65.12 3 0
github.com/had-nu/wardex/v2/internal/cpl/verifylink.go:68.3,69.23 2 1
github.com/had-nu/wardex/v2/internal/cpl/verifylink.go:69.23,72.12 3 1
github.com/had-nu/wardex/v2/internal/cpl/verifylink.go:74.3,77.17 3 0
github.com/had-nu/wardex/v2/internal/cpl/verifylink.go:77.17,80.12 3 0
github.com/had-nu/wardex/v2/internal/cpl/verifylink.go:83.3,84.17 2 0
github.com/had-nu/wardex/v2/internal/cpl/verifylink.go:84.17,87.12 3 0
github.com/had-nu/wardex/v2/internal/cpl/verifylink.go:89.3,91.35 2 0
github.com/had-nu/wardex/v2/internal/cpl/verifylink.go:91.35,93.4 1 0
github.com/had-nu/wardex/v2/internal/cpl/verifylink.go:93.9,95.4 1 0
github.com/had-nu/wardex/v2/internal/cpl/verifylink.go:97.3,97.31 1 0
github.com/had-nu/wardex/v2/internal/cpl/verifylink.go:100.2,100.21 1 1
github.com/had-nu/wardex/v2/internal/cpl/verifylink.go:103.76,105.16 2 0
github.com/had-nu/wardex/v2/internal/cpl/verifylink.go:105.16,107.3 1 0
github.com/had-nu/wardex/v2/internal/cpl/verifylink.go:109.2,109.39 1 0
github.com/had-nu/wardex/v2/internal/cpl/verifylink.go:112.79,114.21 2 3
github.com/had-nu/wardex/v2/internal/cpl/verifylink.go:114.21,116.3 1 0
github.com/had-nu/wardex/v2/internal/cpl/verifylink.go:118.2,119.29 2 3
github.com/had-nu/wardex/v2/internal/cpl/verifylink.go:119.29,121.21 2 3
github.com/had-nu/wardex/v2/internal/cpl/verifylink.go:121.21,122.12 1 0
github.com/had-nu/wardex/v2/internal/cpl/verifylink.go:125.3,126.54 2 3
github.com/had-nu/wardex/v2/internal/cpl/verifylink.go:126.54,128.4 1 0
github.com/had-nu/wardex/v2/internal/cpl/verifylink.go:130.3,130.29 1 3
github.com/had-nu/wardex/v2/internal/cpl/verifylink.go:130.29,131.12 1 0
github.com/had-nu/wardex/v2/internal/cpl/verifylink.go:134.3,140.17 3 3
github.com/had-nu/wardex/v2/internal/cpl/verifylink.go:140.17,143.12 3 0
github.com/had-nu/wardex/v2/internal/cpl/verifylink.go:146.3,147.17 2 3
github.com/had-nu/wardex/v2/internal/cpl/verifylink.go:147.17,150.12 3 0
github.com/had-nu/wardex/v2/internal/cpl/verifylink.go:152.3,154.35 2 3
github.com/had-nu/wardex/v2/internal/cpl/verifylink.go:154.35,156.4 1 2
github.com/had-nu/wardex/v2/internal/cpl/verifylink.go:156.9,158.4 1 1
github.com/had-nu/wardex/v2/internal/cpl/verifylink.go:160.3,160.31 1 3
github.com/had-nu/wardex/v2/internal/cpl/verifylink.go:163.2,163.21 1 3
github.com/had-nu/wardex/v2/internal/cpl/verifylink.go:166.68,168.16 2 1
github.com/had-nu/wardex/v2/internal/cpl/verifylink.go:168.16,170.3 1 1
github.com/had-nu/wardex/v2/internal/cpl/verifylink.go:172.2,172.28 1 0
github.com/had-nu/wardex/v2/internal/cpl/verifylink.go:172.28,173.16 1 0
github.com/had-nu/wardex/v2/internal/cpl/verifylink.go:173.16,174.12 1 0
github.com/had-nu/wardex/v2/internal/cpl/verifylink.go:176.3,176.76 1 0
github.com/had-nu/wardex/v2/internal/cpl/verifylink.go:176.76,177.12 1 0
github.com/had-nu/wardex/v2/internal/cpl/verifylink.go:179.3,179.44 1 0
github.com/had-nu/wardex/v2/internal/cpl/verifylink.go:181.2,181.11 1 0
github.com/had-nu/wardex/v2/examples/sdk/main.go:16.13,22.16 4 0
github.com/had-nu/wardex/v2/examples/sdk/main.go:22.16,24.3 1 0
github.com/had-nu/wardex/v2/examples/sdk/main.go:25.2,48.16 5 0
github.com/had-nu/wardex/v2/examples/sdk/main.go:48.16,50.3 1 0
github.com/had-nu/wardex/v2/examples/sdk/main.go:53.2,61.29 4 0
github.com/had-nu/wardex/v2/examples/sdk/main.go:61.29,63.66 2 0
github.com/had-nu/wardex/v2/examples/sdk/main.go:63.66,66.4 1 0
github.com/had-nu/wardex/v2/examples/sdk/main.go:70.2,72.72 2 0
github.com/had-nu/wardex/v2/examples/sdk/main.go:72.72,74.3 1 0
github.com/had-nu/wardex/v2/examples/sdk/main.go:74.8,76.3 1 0
github.com/had-nu/wardex/v2/examples/sdk/main.go:78.2,78.69 1 0
github.com/had-nu/wardex/v2/examples/sdk/main.go:78.69,80.3 1 0
github.com/had-nu/wardex/v2/examples/sdk/main.go:80.8,82.3 1 0
github.com/had-nu/wardex/v2/examples/sdk/main.go:84.2,84.67 1 0
github.com/had-nu/wardex/v2/examples/sdk/main.go:84.67,86.3 1 0
github.com/had-nu/wardex/v2/examples/sdk/main.go:86.8,88.3 1 0
github.com/had-nu/wardex/v2/examples/sdk/main.go:90.2,90.24 1 0
github.com/had-nu/wardex/v2/examples/sdk/main.go:93.24,94.11 1 0
github.com/had-nu/wardex/v2/examples/sdk/main.go:94.11,96.3 1 0
github.com/had-nu/wardex/v2/examples/sdk/main.go:97.2,97.10 1 0
github.com/had-nu/wardex/v2/internal/policy/loader.go:15.51,18.16 2 0
github.com/had-nu/wardex/v2/internal/policy/loader.go:18.16,20.3 1 0
github.com/had-nu/wardex/v2/internal/policy/loader.go:22.2,23.16 2 0
github.com/had-nu/wardex/v2/internal/policy/loader.go:23.16,25.3 1 0
github.com/had-nu/wardex/v2/internal/policy/loader.go:27.2,28.49 2 0
github.com/had-nu/wardex/v2/internal/policy/loader.go:28.49,30.3 1 0
github.com/had-nu/wardex/v2/internal/policy/loader.go:32.2,32.43 1 0
github.com/had-nu/wardex/v2/internal/policy/loader.go:32.43,34.3 1 0
github.com/had-nu/wardex/v2/internal/policy/loader.go:36.2,36.16 1 0
github.com/had-nu/wardex/v2/internal/policy/loader.go:41.55,44.16 3 0
github.com/had-nu/wardex/v2/internal/policy/loader.go:44.16,46.3 1 0
github.com/had-nu/wardex/v2/internal/policy/loader.go:47.2,47.21 1 0
github.com/had-nu/wardex/v2/internal/policy/loader.go:47.21,49.3 1 0
github.com/had-nu/wardex/v2/internal/policy/loader.go:51.2,52.26 2 0
github.com/had-nu/wardex/v2/internal/policy/loader.go:52.26,54.17 2 0
github.com/had-nu/wardex/v2/internal/policy/loader.go:54.17,56.4 1 0
github.com/had-nu/wardex/v2/internal/policy/loader.go:57.3,57.31 1 0
github.com/had-nu/wardex/v2/internal/policy/loader.go:59.2,59.21 1 0
github.com/had-nu/wardex/v2/internal/policy/loader.go:64.42,65.23 1 0
github.com/had-nu/wardex/v2/internal/policy/loader.go:65.23,67.3 1 0
github.com/had-nu/wardex/v2/internal/policy/loader.go:68.2,68.20 1 0
github.com/had-nu/wardex/v2/internal/policy/loader.go:68.20,70.3 1 0
github.com/had-nu/wardex/v2/internal/policy/loader.go:72.2,72.31 1 0
github.com/had-nu/wardex/v2/internal/policy/loader.go:72.31,73.17 1 0
github.com/had-nu/wardex/v2/internal/policy/loader.go:73.17,75.4 1 0
github.com/had-nu/wardex/v2/internal/policy/loader.go:76.3,76.20 1 0
github.com/had-nu/wardex/v2/internal/policy/loader.go:76.20,78.4 1 0
github.com/had-nu/wardex/v2/internal/policy/loader.go:79.3,79.31 1 0
github.com/had-nu/wardex/v2/internal/policy/loader.go:79.31,81.4 1 0
github.com/had-nu/wardex/v2/internal/policy/loader.go:83.2,83.12 1 0
github.com/had-nu/wardex/v2/pkg/art14/art14gen.go:25.23,32.2 5 0
github.com/had-nu/wardex/v2/pkg/art14/art14gen.go:58.115,59.20 1 0
github.com/had-nu/wardex/v2/pkg/art14/art14gen.go:59.20,61.3 1 0
github.com/had-nu/wardex/v2/pkg/art14/art14gen.go:63.2,64.23 2 0
github.com/had-nu/wardex/v2/pkg/art14/art14gen.go:64.23,66.3 1 0
github.com/had-nu/wardex/v2/pkg/art14/art14gen.go:67.2,68.26 2 0
github.com/had-nu/wardex/v2/pkg/art14/art14gen.go:68.26,70.3 1 0
github.com/had-nu/wardex/v2/pkg/art14/art14gen.go:72.2,95.15 2 0
github.com/had-nu/wardex/v2/pkg/art14/art14gen.go:100.72,106.16 5 0
github.com/had-nu/wardex/v2/pkg/art14/art14gen.go:106.16,108.3 1 0
github.com/had-nu/wardex/v2/pkg/art14/art14gen.go:109.2,109.18 1 0
github.com/had-nu/wardex/v2/pkg/art14/art14gen.go:114.73,116.16 2 0
github.com/had-nu/wardex/v2/pkg/art14/art14gen.go:116.16,118.3 1 0
github.com/had-nu/wardex/v2/pkg/art14/art14gen.go:119.2,122.12 4 0
github.com/had-nu/wardex/v2/pkg/art14/art14gen.go:127.75,129.16 2 0
github.com/had-nu/wardex/v2/pkg/art14/art14gen.go:129.16,131.3 1 0
github.com/had-nu/wardex/v2/pkg/art14/art14gen.go:132.2,135.51 4 0
github.com/had-nu/wardex/v2/pkg/art14/art14gen.go:135.51,137.3 1 0
github.com/had-nu/wardex/v2/pkg/art14/art14gen.go:138.2,138.12 1 0
github.com/had-nu/wardex/v2/pkg/art14/art14gen.go:144.84,145.15 1 0
github.com/had-nu/wardex/v2/pkg/art14/art14gen.go:145.15,147.3 1 0
github.com/had-nu/wardex/v2/pkg/art14/art14gen.go:148.2,148.47 1 0
github.com/had-nu/wardex/v2/pkg/art14/art14gen.go:148.47,150.3 1 0
github.com/had-nu/wardex/v2/pkg/art14/art14gen.go:152.2,153.16 2 0
github.com/had-nu/wardex/v2/pkg/art14/art14gen.go:153.16,155.3 1 0
github.com/had-nu/wardex/v2/pkg/art14/art14gen.go:157.2,159.55 3 0
github.com/had-nu/wardex/v2/pkg/art14/art14gen.go:159.55,161.3 1 0
github.com/had-nu/wardex/v2/pkg/art14/art14gen.go:163.2,163.18 1 0
github.com/had-nu/wardex/v2/pkg/art14/art14gen.go:167.74,169.16 2 0
github.com/had-nu/wardex/v2/pkg/art14/art14gen.go:169.16,171.3 1 0
github.com/had-nu/wardex/v2/pkg/art14/art14gen.go:173.2,174.49 2 0
github.com/had-nu/wardex/v2/pkg/art14/art14gen.go:174.49,176.3 1 0
github.com/had-nu/wardex/v2/pkg/art14/art14gen.go:178.2,178.16 1 0
github.com/had-nu/wardex/v2/pkg/art14/art14gen.go:182.76,183.15 1 0
github.com/had-nu/wardex/v2/pkg/art14/art14gen.go:183.15,185.3 1 0
github.com/had-nu/wardex/v2/pkg/art14/art14gen.go:187.2,188.16 2 0
github.com/had-nu/wardex/v2/pkg/art14/art14gen.go:188.16,190.3 1 0
github.com/had-nu/wardex/v2/pkg/art14/art14gen.go:192.2,193.28 2 0
github.com/had-nu/wardex/v2/pkg/art14/art14gen.go:193.28,194.106 1 0
github.com/had-nu/wardex/v2/pkg/art14/art14gen.go:194.106,195.12 1 0
github.com/had-nu/wardex/v2/pkg/art14/art14gen.go:197.3,198.17 2 0
github.com/had-nu/wardex/v2/pkg/art14/art14gen.go:198.17,199.12 1 0
github.com/had-nu/wardex/v2/pkg/art14/art14gen.go:201.3,201.35 1 0
github.com/had-nu/wardex/v2/pkg/art14/art14gen.go:204.2,204.23 1 0
github.com/had-nu/wardex/v2/pkg/art14/art14gen.go:209.96,210.15 1 0
github.com/had-nu/wardex/v2/pkg/art14/art14gen.go:210.15,212.3 1 0
github.com/had-nu/wardex/v2/pkg/art14/art14gen.go:215.2,216.46 2 0
github.com/had-nu/wardex/v2/pkg/art14/art14gen.go:216.46,218.39 2 0
github.com/had-nu/wardex/v2/pkg/art14/art14gen.go:218.39,220.4 1 0
github.com/had-nu/wardex/v2/pkg/art14/art14gen.go:224.2,225.16 2 0
github.com/had-nu/wardex/v2/pkg/art14/art14gen.go:225.16,227.3 1 0
github.com/had-nu/wardex/v2/pkg/art14/art14gen.go:228.2,228.30 1 0
github.com/had-nu/wardex/v2/pkg/art14/art14gen.go:228.30,229.25 1 0
github.com/had-nu/wardex/v2/pkg/art14/art14gen.go:229.25,232.4 2 0
github.com/had-nu/wardex/v2/pkg/art14/art14gen.go:235.2,235.75 1 0
github.com/had-nu/wardex/v2/pkg/art14/art14gen.go:240.66,246.25 2 0
github.com/had-nu/wardex/v2/pkg/art14/art14gen.go:246.25,248.3 1 0
github.com/had-nu/wardex/v2/pkg/art14/art14gen.go:250.2,251.16 2 0
github.com/had-nu/wardex/v2/pkg/art14/art14gen.go:251.16,253.3 1 0
github.com/had-nu/wardex/v2/pkg/art14/art14gen.go:255.2,256.45 2 0
github.com/had-nu/wardex/v2/pkg/art14/art14gen.go:256.45,258.3 1 0
github.com/had-nu/wardex/v2/pkg/art14/art14gen.go:260.2,261.16 2 0
github.com/had-nu/wardex/v2/pkg/art14/art14gen.go:261.16,263.3 1 0
github.com/had-nu/wardex/v2/pkg/art14/art14gen.go:265.2,265.39 1 0
github.com/had-nu/wardex/v2/pkg/art14/art14gen.go:269.60,271.2 1 0
github.com/had-nu/wardex/v2/pkg/accept/accept.go:43.86,46.16 3 0
github.com/had-nu/wardex/v2/pkg/accept/accept.go:46.16,48.3 1 0
github.com/had-nu/wardex/v2/pkg/accept/accept.go:49.2,50.16 2 0
github.com/had-nu/wardex/v2/pkg/accept/accept.go:50.16,52.3 1 0
github.com/had-nu/wardex/v2/pkg/accept/accept.go:54.2,57.54 3 0
github.com/had-nu/wardex/v2/pkg/accept/accept.go:57.54,59.3 1 0
github.com/had-nu/wardex/v2/pkg/accept/accept.go:62.2,62.24 1 0
github.com/had-nu/wardex/v2/pkg/accept/accept.go:62.24,64.3 1 0
github.com/had-nu/wardex/v2/pkg/accept/accept.go:67.2,69.32 3 0
github.com/had-nu/wardex/v2/pkg/accept/accept.go:69.32,71.3 1 0
github.com/had-nu/wardex/v2/pkg/accept/accept.go:73.2,74.42 2 0
github.com/had-nu/wardex/v2/pkg/accept/accept.go:74.42,75.28 1 0
github.com/had-nu/wardex/v2/pkg/accept/accept.go:75.28,77.4 1 0
github.com/had-nu/wardex/v2/pkg/accept/accept.go:80.2,80.31 1 0
github.com/had-nu/wardex/v2/pkg/accept/accept.go:100.134,103.16 3 0
github.com/had-nu/wardex/v2/pkg/accept/accept.go:103.16,105.3 1 0
github.com/had-nu/wardex/v2/pkg/accept/accept.go:106.2,107.16 2 0
github.com/had-nu/wardex/v2/pkg/accept/accept.go:107.16,108.25 1 0
github.com/had-nu/wardex/v2/pkg/accept/accept.go:108.25,110.4 1 0
github.com/had-nu/wardex/v2/pkg/accept/accept.go:111.3,111.18 1 0
github.com/had-nu/wardex/v2/pkg/accept/accept.go:114.2,115.53 2 0
github.com/had-nu/wardex/v2/pkg/accept/accept.go:115.53,117.3 1 0
github.com/had-nu/wardex/v2/pkg/accept/accept.go:119.2,120.16 2 0
github.com/had-nu/wardex/v2/pkg/accept/accept.go:120.16,122.3 1 0
github.com/had-nu/wardex/v2/pkg/accept/accept.go:124.2,124.43 1 0
github.com/had-nu/wardex/v2/pkg/accept/accept.go:124.43,126.3 1 0
github.com/had-nu/wardex/v2/pkg/accept/accept.go:128.2,129.15 2 0
github.com/had-nu/wardex/v2/pkg/accept/accept.go:129.15,130.31 1 0
github.com/had-nu/wardex/v2/pkg/accept/accept.go:130.31,131.20 1 0
github.com/had-nu/wardex/v2/pkg/accept/accept.go:131.20,133.5 1 0
github.com/had-nu/wardex/v2/pkg/accept/accept.go:138.2,139.30 2 0
github.com/had-nu/wardex/v2/pkg/accept/accept.go:139.30,140.16 1 0
github.com/had-nu/wardex/v2/pkg/accept/accept.go:140.16,142.4 1 0
github.com/had-nu/wardex/v2/pkg/accept/accept.go:145.2,145.30 1 0
github.com/had-nu/wardex/v2/pkg/accept/accept.go:149.52,152.16 3 0
github.com/had-nu/wardex/v2/pkg/accept/accept.go:152.16,154.3 1 0
github.com/had-nu/wardex/v2/pkg/accept/accept.go:155.2,156.47 2 0
github.com/had-nu/wardex/v2/pkg/accept/accept.go:156.47,158.3 1 0
github.com/had-nu/wardex/v2/pkg/accept/accept.go:161.2,163.16 3 0
github.com/had-nu/wardex/v2/pkg/accept/accept.go:163.16,164.54 1 0
github.com/had-nu/wardex/v2/pkg/accept/accept.go:164.54,166.4 1 0
github.com/had-nu/wardex/v2/pkg/accept/accept.go:168.2,171.16 3 0
github.com/had-nu/wardex/v2/pkg/accept/accept.go:171.16,173.3 1 0
github.com/had-nu/wardex/v2/pkg/accept/accept.go:175.2,176.58 2 0
github.com/had-nu/wardex/v2/pkg/accept/accept.go:176.58,178.3 1 0
github.com/had-nu/wardex/v2/pkg/accept/accept.go:180.2,180.34 1 0
github.com/had-nu/wardex/v2/pkg/accept/accept.go:184.112,187.16 3 0
github.com/had-nu/wardex/v2/pkg/accept/accept.go:187.16,189.3 1 0
github.com/had-nu/wardex/v2/pkg/accept/accept.go:190.2,191.16 2 0
github.com/had-nu/wardex/v2/pkg/accept/accept.go:191.16,193.3 1 0
github.com/had-nu/wardex/v2/pkg/accept/accept.go:195.2,196.53 2 0
github.com/had-nu/wardex/v2/pkg/accept/accept.go:196.53,198.3 1 0
github.com/had-nu/wardex/v2/pkg/accept/accept.go:200.2,201.38 2 0
github.com/had-nu/wardex/v2/pkg/accept/accept.go:201.38,202.17 1 0
github.com/had-nu/wardex/v2/pkg/accept/accept.go:202.17,203.27 1 0
github.com/had-nu/wardex/v2/pkg/accept/accept.go:203.27,205.26 2 0
github.com/had-nu/wardex/v2/pkg/accept/accept.go:205.26,210.6 4 0
github.com/had-nu/wardex/v2/pkg/accept/accept.go:214.4,215.18 2 0
github.com/had-nu/wardex/v2/pkg/accept/accept.go:215.18,217.5 1 0
github.com/had-nu/wardex/v2/pkg/accept/accept.go:218.4,221.9 3 0
github.com/had-nu/wardex/v2/pkg/accept/accept.go:225.2,225.12 1 0
github.com/had-nu/wardex/v2/pkg/accept/accept.go:225.12,227.3 1 0
github.com/had-nu/wardex/v2/pkg/accept/accept.go:229.2,230.16 2 0
github.com/had-nu/wardex/v2/pkg/accept/accept.go:230.16,232.3 1 0
github.com/had-nu/wardex/v2/pkg/accept/accept.go:234.2,235.58 2 0
github.com/had-nu/wardex/v2/pkg/accept/accept.go:235.58,237.3 1 0
github.com/had-nu/wardex/v2/pkg/accept/accept.go:239.2,239.34 1 0
github.com/had-nu/wardex/v2/pkg/accept/accept.go:243.83,245.59 1 0
github.com/had-nu/wardex/v2/pkg/accept/accept.go:245.59,247.3 1 0
github.com/had-nu/wardex/v2/pkg/accept/accept.go:250.2,251.19 2 0
github.com/had-nu/wardex/v2/pkg/accept/accept.go:251.19,253.3 1 0
github.com/had-nu/wardex/v2/pkg/accept/accept.go:254.2,254.56 1 0
github.com/had-nu/wardex/v2/pkg/accept/accept.go:254.56,256.3 1 0
github.com/had-nu/wardex/v2/pkg/accept/accept.go:259.2,260.56 2 0
github.com/had-nu/wardex/v2/pkg/accept/accept.go:260.56,261.84 1 0
github.com/had-nu/wardex/v2/pkg/accept/accept.go:261.84,263.4 1 0
github.com/had-nu/wardex/v2/pkg/accept/accept.go:267.2,268.18 2 0
github.com/had-nu/wardex/v2/pkg/accept/accept.go:268.18,270.3 1 0
github.com/had-nu/wardex/v2/pkg/accept/accept.go:272.2,274.57 2 0
github.com/had-nu/wardex/v2/pkg/accept/accept.go:274.57,276.3 1 0
github.com/had-nu/wardex/v2/pkg/accept/accept.go:278.2,278.12 1 0
github.com/had-nu/wardex/v2/pkg/accept/accept.go:282.129,286.32 3 0
github.com/had-nu/wardex/v2/pkg/accept/accept.go:286.32,289.40 2 0
github.com/had-nu/wardex/v2/pkg/accept/accept.go:289.40,293.4 3 0
github.com/had-nu/wardex/v2/pkg/accept/accept.go:295.3,295.61 1 0
github.com/had-nu/wardex/v2/pkg/accept/accept.go:295.61,299.4 3 0
github.com/had-nu/wardex/v2/pkg/accept/accept.go:299.9,301.4 1 0
github.com/had-nu/wardex/v2/pkg/accept/accept.go:304.3,304.36 1 0
github.com/had-nu/wardex/v2/pkg/accept/accept.go:304.36,306.4 1 0
github.com/had-nu/wardex/v2/pkg/accept/accept.go:307.3,307.33 1 0
github.com/had-nu/wardex/v2/pkg/accept/accept.go:310.2,310.26 1 0
github.com/had-nu/wardex/v2/pkg/accept/accept.go:315.52,318.16 3 0
github.com/had-nu/wardex/v2/pkg/accept/accept.go:318.16,320.3 1 0
github.com/had-nu/wardex/v2/pkg/accept/accept.go:321.2,322.16 2 0
github.com/had-nu/wardex/v2/pkg/accept/accept.go:322.16,323.25 1 0
github.com/had-nu/wardex/v2/pkg/accept/accept.go:323.25,325.4 1 0
github.com/had-nu/wardex/v2/pkg/accept/accept.go:326.3,326.66 1 0
github.com/had-nu/wardex/v2/pkg/accept/accept.go:329.2,329.52 1 0
github.com/had-nu/wardex/v2/pkg/accept/accept.go:333.125,335.16 2 0
github.com/had-nu/wardex/v2/pkg/accept/accept.go:335.16,337.3 1 0
github.com/had-nu/wardex/v2/pkg/accept/accept.go:340.2,344.13 4 0
github.com/had-nu/wardex/v2/pkg/accept/accept.go:344.13,346.24 2 0
github.com/had-nu/wardex/v2/pkg/accept/accept.go:346.24,348.4 1 0
github.com/had-nu/wardex/v2/pkg/accept/accept.go:351.2,358.21 2 0
github.com/had-nu/wardex/v2/pkg/accept/audit.go:22.58,26.30 3 0
github.com/had-nu/wardex/v2/pkg/accept/audit.go:26.30,28.3 1 0
github.com/had-nu/wardex/v2/pkg/accept/audit.go:28.8,30.3 1 0
github.com/had-nu/wardex/v2/pkg/accept/audit.go:32.2,33.47 2 0
github.com/had-nu/wardex/v2/pkg/accept/audit.go:33.47,35.3 1 0
github.com/had-nu/wardex/v2/pkg/accept/audit.go:37.2,39.16 3 0
github.com/had-nu/wardex/v2/pkg/accept/audit.go:39.16,41.3 1 0
github.com/had-nu/wardex/v2/pkg/accept/audit.go:42.2,43.16 2 0
github.com/had-nu/wardex/v2/pkg/accept/audit.go:43.16,45.3 1 0
github.com/had-nu/wardex/v2/pkg/accept/audit.go:46.2,46.15 1 0
github.com/had-nu/wardex/v2/pkg/accept/audit.go:46.15,46.32 1 0
github.com/had-nu/wardex/v2/pkg/accept/audit.go:48.2,49.16 2 0
github.com/had-nu/wardex/v2/pkg/accept/audit.go:49.16,51.3 1 0
github.com/had-nu/wardex/v2/pkg/accept/audit.go:52.2,55.12 3 0
github.com/had-nu/wardex/v2/pkg/accept/audit.go:59.50,62.16 3 0
github.com/had-nu/wardex/v2/pkg/accept/audit.go:62.16,64.3 1 0
github.com/had-nu/wardex/v2/pkg/accept/audit.go:65.2,66.16 2 0
github.com/had-nu/wardex/v2/pkg/accept/audit.go:66.16,67.25 1 0
github.com/had-nu/wardex/v2/pkg/accept/audit.go:67.25,69.4 1 0
github.com/had-nu/wardex/v2/pkg/accept/audit.go:70.3,70.16 1 0
github.com/had-nu/wardex/v2/pkg/accept/audit.go:72.2,72.15 1 0
github.com/had-nu/wardex/v2/pkg/accept/audit.go:72.15,72.35 1 0
github.com/had-nu/wardex/v2/pkg/accept/audit.go:74.2,76.21 3 0
github.com/had-nu/wardex/v2/pkg/accept/audit.go:76.21,78.65 2 0
github.com/had-nu/wardex/v2/pkg/accept/audit.go:78.65,79.43 1 0
github.com/had-nu/wardex/v2/pkg/accept/audit.go:79.43,81.5 1 0
github.com/had-nu/wardex/v2/pkg/accept/audit.go:85.2,85.38 1 0
github.com/had-nu/wardex/v2/pkg/accept/audit.go:85.38,87.3 1 0
github.com/had-nu/wardex/v2/pkg/accept/audit.go:89.2,89.19 1 0
github.com/had-nu/wardex/v2/pkg/accept/chain.go:30.52,34.2 3 0
github.com/had-nu/wardex/v2/pkg/accept/chain.go:37.58,40.16 3 5
github.com/had-nu/wardex/v2/pkg/accept/chain.go:40.16,42.3 1 0
github.com/had-nu/wardex/v2/pkg/accept/chain.go:44.2,45.16 2 5
github.com/had-nu/wardex/v2/pkg/accept/chain.go:45.16,46.25 1 2
github.com/had-nu/wardex/v2/pkg/accept/chain.go:46.25,48.4 1 2
github.com/had-nu/wardex/v2/pkg/accept/chain.go:49.3,49.17 1 0
github.com/had-nu/wardex/v2/pkg/accept/chain.go:51.2,51.15 1 3
github.com/had-nu/wardex/v2/pkg/accept/chain.go:51.15,51.32 1 3
github.com/had-nu/wardex/v2/pkg/accept/chain.go:53.2,55.21 3 3
github.com/had-nu/wardex/v2/pkg/accept/chain.go:55.21,57.17 2 4
github.com/had-nu/wardex/v2/pkg/accept/chain.go:57.17,59.4 1 4
github.com/had-nu/wardex/v2/pkg/accept/chain.go:61.2,61.38 1 3
github.com/had-nu/wardex/v2/pkg/accept/chain.go:61.38,63.3 1 0
github.com/had-nu/wardex/v2/pkg/accept/chain.go:65.2,65.20 1 3
github.com/had-nu/wardex/v2/pkg/accept/chain.go:65.20,67.3 1 0
github.com/had-nu/wardex/v2/pkg/accept/chain.go:69.2,70.38 2 3
github.com/had-nu/wardex/v2/pkg/accept/chain.go:75.68,80.16 4 5
github.com/had-nu/wardex/v2/pkg/accept/chain.go:80.16,82.3 1 0
github.com/had-nu/wardex/v2/pkg/accept/chain.go:83.2,85.30 2 5
github.com/had-nu/wardex/v2/pkg/accept/chain.go:85.30,87.3 1 3
github.com/had-nu/wardex/v2/pkg/accept/chain.go:87.8,89.3 1 2
github.com/had-nu/wardex/v2/pkg/accept/chain.go:91.2,93.16 3 5
github.com/had-nu/wardex/v2/pkg/accept/chain.go:93.16,95.3 1 0
github.com/had-nu/wardex/v2/pkg/accept/chain.go:97.2,98.47 2 5
github.com/had-nu/wardex/v2/pkg/accept/chain.go:98.47,100.3 1 0
github.com/had-nu/wardex/v2/pkg/accept/chain.go:102.2,103.16 2 5
github.com/had-nu/wardex/v2/pkg/accept/chain.go:103.16,105.3 1 0
github.com/had-nu/wardex/v2/pkg/accept/chain.go:106.2,106.15 1 5
github.com/had-nu/wardex/v2/pkg/accept/chain.go:106.15,106.32 1 5
github.com/had-nu/wardex/v2/pkg/accept/chain.go:108.2,109.16 2 5
github.com/had-nu/wardex/v2/pkg/accept/chain.go:109.16,111.3 1 0
github.com/had-nu/wardex/v2/pkg/accept/chain.go:112.2,115.12 3 5
github.com/had-nu/wardex/v2/pkg/accept/chain.go:120.54,126.16 5 4
github.com/had-nu/wardex/v2/pkg/accept/chain.go:126.16,128.3 1 0
github.com/had-nu/wardex/v2/pkg/accept/chain.go:130.2,131.16 2 4
github.com/had-nu/wardex/v2/pkg/accept/chain.go:131.16,132.25 1 0
github.com/had-nu/wardex/v2/pkg/accept/chain.go:132.25,134.4 1 0
github.com/had-nu/wardex/v2/pkg/accept/chain.go:135.3,135.18 1 0
github.com/had-nu/wardex/v2/pkg/accept/chain.go:137.2,137.15 1 4
github.com/had-nu/wardex/v2/pkg/accept/chain.go:137.15,137.32 1 4
github.com/had-nu/wardex/v2/pkg/accept/chain.go:139.2,144.21 5 4
github.com/had-nu/wardex/v2/pkg/accept/chain.go:144.21,147.20 3 9
github.com/had-nu/wardex/v2/pkg/accept/chain.go:147.20,148.12 1 0
github.com/had-nu/wardex/v2/pkg/accept/chain.go:151.3,152.65 2 9
github.com/had-nu/wardex/v2/pkg/accept/chain.go:152.65,159.12 4 0
github.com/had-nu/wardex/v2/pkg/accept/chain.go:162.3,162.50 1 9
github.com/had-nu/wardex/v2/pkg/accept/chain.go:162.50,167.4 1 2
github.com/had-nu/wardex/v2/pkg/accept/chain.go:169.3,171.10 3 9
github.com/had-nu/wardex/v2/pkg/accept/chain.go:174.2,174.38 1 4
github.com/had-nu/wardex/v2/pkg/accept/chain.go:174.38,176.3 1 0
github.com/had-nu/wardex/v2/pkg/accept/chain.go:178.2,178.18 1 4
github.com/had-nu/wardex/v2/pkg/accept/forward.go:42.85,43.18 1 0
github.com/had-nu/wardex/v2/pkg/accept/forward.go:43.18,45.3 1 0
github.com/had-nu/wardex/v2/pkg/accept/forward.go:46.2,46.64 1 0
github.com/had-nu/wardex/v2/pkg/accept/forward.go:50.69,52.37 2 0
github.com/had-nu/wardex/v2/pkg/accept/forward.go:52.37,53.45 1 0
github.com/had-nu/wardex/v2/pkg/accept/forward.go:53.45,55.4 1 0
github.com/had-nu/wardex/v2/pkg/accept/forward.go:58.2,58.19 1 0
github.com/had-nu/wardex/v2/pkg/accept/forward.go:58.19,59.26 1 0
github.com/had-nu/wardex/v2/pkg/accept/forward.go:59.26,61.4 1 0
github.com/had-nu/wardex/v2/pkg/accept/forward.go:64.2,64.12 1 0
github.com/had-nu/wardex/v2/pkg/accept/forward.go:88.67,90.2 1 0
github.com/had-nu/wardex/v2/pkg/accept/forward.go:93.71,95.32 2 0
github.com/had-nu/wardex/v2/pkg/accept/forward.go:95.32,96.41 1 0
github.com/had-nu/wardex/v2/pkg/accept/forward.go:96.41,98.4 1 0
github.com/had-nu/wardex/v2/pkg/accept/forward.go:100.2,100.13 1 0
github.com/had-nu/wardex/v2/pkg/accept/forward.go:113.80,115.27 2 0
[...]
github.com/had-nu/wardex/v2/pkg/ui/format.go:53.3,55.6 3 0
github.com/had-nu/wardex/v2/pkg/ui/format.go:57.2,57.10 1 0
github.com/had-nu/wardex/v2/pkg/ui/format.go:61.38,63.12 2 0
github.com/had-nu/wardex/v2/pkg/ui/format.go:63.12,65.3 1 0
github.com/had-nu/wardex/v2/pkg/ui/format.go:66.2,66.37 1 0
github.com/had-nu/wardex/v2/pkg/ui/format.go:70.35,72.9 2 0
github.com/had-nu/wardex/v2/pkg/ui/format.go:72.9,74.3 1 0
github.com/had-nu/wardex/v2/pkg/ui/format.go:75.2,76.16 2 0
github.com/had-nu/wardex/v2/pkg/ui/format.go:76.16,78.3 1 0
github.com/had-nu/wardex/v2/pkg/ui/format.go:79.2,79.45 1 0
github.com/had-nu/wardex/v2/pkg/ui/table.go:27.54,29.2 1 0
github.com/had-nu/wardex/v2/pkg/ui/table.go:32.40,34.2 1 0
github.com/had-nu/wardex/v2/pkg/ui/table.go:38.57,40.2 1 0
github.com/had-nu/wardex/v2/pkg/ui/table.go:44.54,46.2 1 0
github.com/had-nu/wardex/v2/pkg/ui/table.go:51.62,53.2 1 0
github.com/had-nu/wardex/v2/pkg/ui/table.go:58.40,60.30 1 0
github.com/had-nu/wardex/v2/pkg/ui/table.go:60.30,61.12 1 0
github.com/had-nu/wardex/v2/pkg/ui/table.go:61.12,63.4 1 0
github.com/had-nu/wardex/v2/pkg/ui/table.go:64.3,64.62 1 0
github.com/had-nu/wardex/v2/pkg/ui/table.go:66.2,69.31 2 0
github.com/had-nu/wardex/v2/pkg/ui/table.go:69.31,70.12 1 0
github.com/had-nu/wardex/v2/pkg/ui/table.go:70.12,72.4 1 0
github.com/had-nu/wardex/v2/pkg/ui/table.go:73.3,73.60 1 0
github.com/had-nu/wardex/v2/pkg/ui/table.go:75.2,78.27 2 0
github.com/had-nu/wardex/v2/pkg/ui/table.go:78.27,79.30 1 0
github.com/had-nu/wardex/v2/pkg/ui/table.go:79.30,80.13 1 0
github.com/had-nu/wardex/v2/pkg/ui/table.go:80.13,82.5 1 0
github.com/had-nu/wardex/v2/pkg/ui/table.go:83.4,84.38 2 0
github.com/had-nu/wardex/v2/pkg/ui/table.go:84.38,86.5 1 0
github.com/had-nu/wardex/v2/pkg/ui/table.go:86.10,86.45 1 0
github.com/had-nu/wardex/v2/pkg/ui/table.go:86.45,88.5 1 0
github.com/had-nu/wardex/v2/pkg/ui/table.go:89.4,89.42 1 0
github.com/had-nu/wardex/v2/pkg/ui/table.go:91.3,91.18 1 0
github.com/had-nu/wardex/v2/pkg/ui/table.go:96.45,97.24 1 0
github.com/had-nu/wardex/v2/pkg/ui/table.go:97.24,99.3 1 0
github.com/had-nu/wardex/v2/pkg/ui/table.go:100.2,101.30 2 0
github.com/had-nu/wardex/v2/pkg/ui/table.go:101.30,103.3 1 0
github.com/had-nu/wardex/v2/pkg/ui/table.go:104.2,107.31 3 0
github.com/had-nu/wardex/v2/pkg/ui/table.go:107.31,109.3 1 0
github.com/had-nu/wardex/v2/pkg/ui/table.go:110.2,112.27 2 0
github.com/had-nu/wardex/v2/pkg/ui/table.go:112.27,114.30 2 0
github.com/had-nu/wardex/v2/pkg/ui/table.go:114.30,116.4 1 0
github.com/had-nu/wardex/v2/pkg/ui/table.go:117.3,117.18 1 0
github.com/had-nu/wardex/v2/pkg/ui/table.go:119.2,119.10 1 0
github.com/had-nu/wardex/v2/pkg/ui/table.go:123.37,124.19 1 0
github.com/had-nu/wardex/v2/pkg/ui/table.go:124.19,126.3 1 0
github.com/had-nu/wardex/v2/pkg/ui/table.go:126.8,128.3 1 0
github.com/had-nu/wardex/v2/research/pocs/poc/gen_cves/main.go:296.13,298.15 2 0
github.com/had-nu/wardex/v2/research/pocs/poc/gen_cves/main.go:298.15,298.32 1 0
github.com/had-nu/wardex/v2/research/pocs/poc/gen_cves/main.go:300.2,301.27 2 0
github.com/had-nu/wardex/v2/research/pocs/poc/gen_cves/main.go:301.27,309.3 7 0
github.com/had-nu/wardex/v2/research/pocs/poc/gen_cves/main.go:310.2,310.85 1 0
github.com/had-nu/wardex/v2/pkg/trust/fetch.go:18.65,19.21 1 1
github.com/had-nu/wardex/v2/pkg/trust/fetch.go:19.21,21.3 1 1
github.com/had-nu/wardex/v2/pkg/trust/fetch.go:22.2,22.55 1 0
github.com/had-nu/wardex/v2/pkg/trust/fetch.go:22.55,24.3 1 0
github.com/had-nu/wardex/v2/pkg/trust/fetch.go:25.2,25.23 1 0
github.com/had-nu/wardex/v2/pkg/trust/fetch.go:25.23,27.3 1 0
github.com/had-nu/wardex/v2/pkg/trust/fetch.go:28.2,28.30 1 0
github.com/had-nu/wardex/v2/pkg/trust/fetch.go:33.50,34.77 1 1
github.com/had-nu/wardex/v2/pkg/trust/fetch.go:34.77,36.3 1 0
github.com/had-nu/wardex/v2/pkg/trust/fetch.go:38.2,39.16 2 1
github.com/had-nu/wardex/v2/pkg/trust/fetch.go:39.16,41.3 1 0
github.com/had-nu/wardex/v2/pkg/trust/fetch.go:42.2,42.18 1 1
github.com/had-nu/wardex/v2/pkg/trust/fetch.go:45.46,50.16 4 0
github.com/had-nu/wardex/v2/pkg/trust/fetch.go:50.16,52.3 1 0
github.com/had-nu/wardex/v2/pkg/trust/fetch.go:53.2,56.16 3 0
github.com/had-nu/wardex/v2/pkg/trust/fetch.go:56.16,58.3 1 0
github.com/had-nu/wardex/v2/pkg/trust/fetch.go:59.2,59.15 1 0
github.com/had-nu/wardex/v2/pkg/trust/fetch.go:59.15,59.40 1 0
github.com/had-nu/wardex/v2/pkg/trust/fetch.go:61.2,61.38 1 0
github.com/had-nu/wardex/v2/pkg/trust/fetch.go:61.38,63.3 1 0
github.com/had-nu/wardex/v2/pkg/trust/fetch.go:66.2,66.53 1 0
github.com/had-nu/wardex/v2/pkg/trust/keyring.go:26.77,29.47 2 5
github.com/had-nu/wardex/v2/pkg/trust/keyring.go:29.47,31.3 1 0
github.com/had-nu/wardex/v2/pkg/trust/keyring.go:34.2,34.54 1 5
github.com/had-nu/wardex/v2/pkg/trust/keyring.go:34.54,36.3 1 0
github.com/had-nu/wardex/v2/pkg/trust/keyring.go:38.2,39.16 2 5
github.com/had-nu/wardex/v2/pkg/trust/keyring.go:39.16,41.3 1 0
github.com/had-nu/wardex/v2/pkg/trust/keyring.go:44.2,45.73 2 5
github.com/had-nu/wardex/v2/pkg/trust/keyring.go:45.73,47.3 1 0
github.com/had-nu/wardex/v2/pkg/trust/keyring.go:50.2,52.72 3 5
github.com/had-nu/wardex/v2/pkg/trust/keyring.go:52.72,54.3 1 0
github.com/had-nu/wardex/v2/pkg/trust/keyring.go:56.2,56.17 1 5
github.com/had-nu/wardex/v2/pkg/trust/keyring.go:61.62,62.56 1 7
github.com/had-nu/wardex/v2/pkg/trust/keyring.go:62.56,64.3 1 1
github.com/had-nu/wardex/v2/pkg/trust/keyring.go:66.2,67.16 2 6
github.com/had-nu/wardex/v2/pkg/trust/keyring.go:67.16,69.3 1 0
github.com/had-nu/wardex/v2/pkg/trust/keyring.go:71.2,72.16 2 6
github.com/had-nu/wardex/v2/pkg/trust/keyring.go:72.16,74.3 1 0
github.com/had-nu/wardex/v2/pkg/trust/keyring.go:76.2,76.44 1 6
github.com/had-nu/wardex/v2/pkg/trust/keyring.go:76.44,78.3 1 0
github.com/had-nu/wardex/v2/pkg/trust/keyring.go:80.2,80.41 1 6
github.com/had-nu/wardex/v2/pkg/trust/keyring.go:84.64,86.16 2 1
github.com/had-nu/wardex/v2/pkg/trust/keyring.go:86.16,88.3 1 0
github.com/had-nu/wardex/v2/pkg/trust/keyring.go:89.2,89.57 1 1
github.com/had-nu/wardex/v2/pkg/trust/keyring.go:93.65,94.47 1 6
github.com/had-nu/wardex/v2/pkg/trust/keyring.go:94.47,96.3 1 0
github.com/had-nu/wardex/v2/pkg/trust/keyring.go:97.2,99.16 3 6
github.com/had-nu/wardex/v2/pkg/trust/keyring.go:99.16,101.3 1 0
github.com/had-nu/wardex/v2/pkg/trust/keyring.go:102.2,102.43 1 6
github.com/had-nu/wardex/v2/pkg/trust/keyring.go:102.43,104.3 1 0
github.com/had-nu/wardex/v2/pkg/trust/keyring.go:105.2,105.40 1 6
github.com/had-nu/wardex/v2/pkg/trust/keyring.go:109.52,111.2 1 6
github.com/had-nu/wardex/v2/pkg/trust/keyring.go:114.59,117.2 2 10
github.com/had-nu/wardex/v2/pkg/trust/keyring.go:120.77,121.47 1 6
github.com/had-nu/wardex/v2/pkg/trust/keyring.go:121.47,123.3 1 0
github.com/had-nu/wardex/v2/pkg/trust/keyring.go:124.2,126.16 3 6
github.com/had-nu/wardex/v2/pkg/trust/keyring.go:126.16,128.3 1 0
github.com/had-nu/wardex/v2/pkg/trust/keyring.go:129.2,129.45 1 6
github.com/had-nu/wardex/v2/pkg/trust/keyring.go:129.45,131.3 1 0
github.com/had-nu/wardex/v2/pkg/trust/keyring.go:132.2,132.12 1 6
github.com/had-nu/wardex/v2/pkg/trust/keyring.go:137.51,139.16 2 7
github.com/had-nu/wardex/v2/pkg/trust/keyring.go:139.16,141.3 1 0
github.com/had-nu/wardex/v2/pkg/trust/keyring.go:142.2,143.17 2 7
github.com/had-nu/wardex/v2/pkg/trust/keyring.go:143.17,149.3 1 1
github.com/had-nu/wardex/v2/pkg/trust/keyring.go:150.2,150.12 1 6
github.com/had-nu/wardex/v2/pkg/trust/seal.go:18.69,22.16 3 1
github.com/had-nu/wardex/v2/pkg/trust/seal.go:22.16,24.3 1 0
github.com/had-nu/wardex/v2/pkg/trust/seal.go:25.2,26.16 2 1
github.com/had-nu/wardex/v2/pkg/trust/seal.go:26.16,28.3 1 0
github.com/had-nu/wardex/v2/pkg/trust/seal.go:29.2,29.45 1 1
github.com/had-nu/wardex/v2/pkg/trust/seal.go:29.45,31.3 1 0
github.com/had-nu/wardex/v2/pkg/trust/seal.go:34.2,35.16 2 1
github.com/had-nu/wardex/v2/pkg/trust/seal.go:35.16,37.3 1 0
github.com/had-nu/wardex/v2/pkg/trust/seal.go:39.2,40.16 2 1
github.com/had-nu/wardex/v2/pkg/trust/seal.go:40.16,42.3 1 0
github.com/had-nu/wardex/v2/pkg/trust/seal.go:44.2,44.49 1 1
github.com/had-nu/wardex/v2/pkg/trust/seal.go:44.49,48.3 1 0
github.com/had-nu/wardex/v2/pkg/trust/seal.go:51.2,52.16 2 1
github.com/had-nu/wardex/v2/pkg/trust/seal.go:52.16,54.3 1 0
github.com/had-nu/wardex/v2/pkg/trust/seal.go:55.2,56.16 2 1
github.com/had-nu/wardex/v2/pkg/trust/seal.go:56.16,58.3 1 0
github.com/had-nu/wardex/v2/pkg/trust/seal.go:60.2,61.16 2 1
github.com/had-nu/wardex/v2/pkg/trust/seal.go:61.16,63.3 1 0
github.com/had-nu/wardex/v2/pkg/trust/seal.go:65.2,66.16 2 1
github.com/had-nu/wardex/v2/pkg/trust/seal.go:66.16,68.3 1 0
github.com/had-nu/wardex/v2/pkg/trust/seal.go:69.2,69.28 1 1
github.com/had-nu/wardex/v2/pkg/trust/seal.go:69.28,71.35 2 0
github.com/had-nu/wardex/v2/pkg/trust/seal.go:71.35,73.4 1 0
github.com/had-nu/wardex/v2/pkg/trust/seal.go:74.3,75.31 2 0
github.com/had-nu/wardex/v2/pkg/trust/seal.go:79.2,94.37 4 1
github.com/had-nu/wardex/v2/pkg/trust/seal.go:99.81,102.16 2 1
github.com/had-nu/wardex/v2/pkg/trust/seal.go:102.16,104.3 1 0
github.com/had-nu/wardex/v2/pkg/trust/seal.go:107.2,108.39 2 1
github.com/had-nu/wardex/v2/pkg/trust/seal.go:108.39,115.3 1 0
github.com/had-nu/wardex/v2/pkg/trust/seal.go:118.2,119.16 2 1
github.com/had-nu/wardex/v2/pkg/trust/seal.go:119.16,121.3 1 0
github.com/had-nu/wardex/v2/pkg/trust/seal.go:123.2,124.52 2 1
github.com/had-nu/wardex/v2/pkg/trust/seal.go:124.52,126.3 1 0
github.com/had-nu/wardex/v2/pkg/trust/seal.go:128.2,128.12 1 1
github.com/had-nu/wardex/v2/pkg/trust/store.go:21.60,23.44 1 2
github.com/had-nu/wardex/v2/pkg/trust/store.go:23.44,26.3 1 0
github.com/had-nu/wardex/v2/pkg/trust/store.go:28.2,29.16 2 2
github.com/had-nu/wardex/v2/pkg/trust/store.go:29.16,31.3 1 0
github.com/had-nu/wardex/v2/pkg/trust/store.go:32.2,60.34 8 2
github.com/had-nu/wardex/v2/pkg/trust/store.go:65.89,66.21 1 1
github.com/had-nu/wardex/v2/pkg/trust/store.go:66.21,68.3 1 0
github.com/had-nu/wardex/v2/pkg/trust/store.go:70.2,71.16 2 1
github.com/had-nu/wardex/v2/pkg/trust/store.go:71.16,73.3 1 0
github.com/had-nu/wardex/v2/pkg/trust/store.go:75.2,76.16 2 1
github.com/had-nu/wardex/v2/pkg/trust/store.go:76.16,78.3 1 0
github.com/had-nu/wardex/v2/pkg/trust/store.go:81.2,82.16 2 1
github.com/had-nu/wardex/v2/pkg/trust/store.go:82.16,84.3 1 0
github.com/had-nu/wardex/v2/pkg/trust/store.go:85.2,85.35 1 1
github.com/had-nu/wardex/v2/pkg/trust/store.go:85.35,88.3 1 0
github.com/had-nu/wardex/v2/pkg/trust/store.go:91.2,91.31 1 1
github.com/had-nu/wardex/v2/pkg/trust/store.go:91.31,92.50 1 1
github.com/had-nu/wardex/v2/pkg/trust/store.go:92.50,95.4 1 0
github.com/had-nu/wardex/v2/pkg/trust/store.go:99.2,100.16 2 1
github.com/had-nu/wardex/v2/pkg/trust/store.go:100.16,102.3 1 0
github.com/had-nu/wardex/v2/pkg/trust/store.go:104.2,122.36 7 1
github.com/had-nu/wardex/v2/pkg/trust/store.go:127.64,128.22 1 1
github.com/had-nu/wardex/v2/pkg/trust/store.go:128.22,130.3 1 0
github.com/had-nu/wardex/v2/pkg/trust/store.go:132.2,133.16 2 1
github.com/had-nu/wardex/v2/pkg/trust/store.go:133.16,135.3 1 0
github.com/had-nu/wardex/v2/pkg/trust/store.go:137.2,138.16 2 1
github.com/had-nu/wardex/v2/pkg/trust/store.go:138.16,140.3 1 0
github.com/had-nu/wardex/v2/pkg/trust/store.go:143.2,144.16 2 1
github.com/had-nu/wardex/v2/pkg/trust/store.go:144.16,146.3 1 0
github.com/had-nu/wardex/v2/pkg/trust/store.go:147.2,147.35 1 1
github.com/had-nu/wardex/v2/pkg/trust/store.go:147.35,150.3 1 0
github.com/had-nu/wardex/v2/pkg/trust/store.go:153.2,154.31 2 1
github.com/had-nu/wardex/v2/pkg/trust/store.go:154.31,155.20 1 1
github.com/had-nu/wardex/v2/pkg/trust/store.go:155.20,157.9 2 1
github.com/had-nu/wardex/v2/pkg/trust/store.go:160.2,160.12 1 1
github.com/had-nu/wardex/v2/pkg/trust/store.go:160.12,162.3 1 0
github.com/had-nu/wardex/v2/pkg/trust/store.go:165.2,165.29 1 1
github.com/had-nu/wardex/v2/pkg/trust/store.go:165.29,167.3 1 0
github.com/had-nu/wardex/v2/pkg/trust/store.go:169.2,182.36 6 1
github.com/had-nu/wardex/v2/pkg/trust/store.go:187.58,189.16 2 6
github.com/had-nu/wardex/v2/pkg/trust/store.go:189.16,191.3 1 0
github.com/had-nu/wardex/v2/pkg/trust/store.go:192.2,193.53 2 6
github.com/had-nu/wardex/v2/pkg/trust/store.go:193.53,195.3 1 0
github.com/had-nu/wardex/v2/pkg/trust/store.go:196.2,196.25 1 6
github.com/had-nu/wardex/v2/pkg/trust/store.go:196.25,198.3 1 0
github.com/had-nu/wardex/v2/pkg/trust/store.go:199.2,199.26 1 6
github.com/had-nu/wardex/v2/pkg/trust/store.go:203.59,205.53 2 1
github.com/had-nu/wardex/v2/pkg/trust/store.go:205.53,207.3 1 0
github.com/had-nu/wardex/v2/pkg/trust/store.go:208.2,208.25 1 1
github.com/had-nu/wardex/v2/pkg/trust/store.go:208.25,210.3 1 0
github.com/had-nu/wardex/v2/pkg/trust/store.go:211.2,211.20 1 1
github.com/had-nu/wardex/v2/pkg/trust/store.go:216.45,220.31 2 4
github.com/had-nu/wardex/v2/pkg/trust/store.go:220.31,221.26 1 4
github.com/had-nu/wardex/v2/pkg/trust/store.go:221.26,222.12 1 0
github.com/had-nu/wardex/v2/pkg/trust/store.go:224.3,225.17 2 4
github.com/had-nu/wardex/v2/pkg/trust/store.go:225.17,226.12 1 0
github.com/had-nu/wardex/v2/pkg/trust/store.go:228.3,228.61 1 4
github.com/had-nu/wardex/v2/pkg/trust/store.go:228.61,230.4 1 4
github.com/had-nu/wardex/v2/pkg/trust/store.go:233.2,233.95 1 0
github.com/had-nu/wardex/v2/pkg/trust/store.go:237.68,238.31 1 3
github.com/had-nu/wardex/v2/pkg/trust/store.go:238.31,239.20 1 4
github.com/had-nu/wardex/v2/pkg/trust/store.go:239.20,240.31 1 3
github.com/had-nu/wardex/v2/pkg/trust/store.go:240.31,242.5 1 1
github.com/had-nu/wardex/v2/pkg/trust/store.go:243.4,243.30 1 2
github.com/had-nu/wardex/v2/pkg/trust/store.go:246.2,246.66 1 0
github.com/had-nu/wardex/v2/pkg/trust/store.go:250.36,253.2 2 2
github.com/had-nu/wardex/v2/pkg/trust/store.go:257.54,258.38 1 7
github.com/had-nu/wardex/v2/pkg/trust/store.go:258.38,259.23 1 2
github.com/had-nu/wardex/v2/pkg/trust/store.go:259.23,261.4 1 1
github.com/had-nu/wardex/v2/pkg/trust/store.go:263.2,263.14 1 6
github.com/had-nu/wardex/v2/pkg/trust/store.go:266.86,268.31 2 3
github.com/had-nu/wardex/v2/pkg/trust/store.go:268.31,269.26 1 3
github.com/had-nu/wardex/v2/pkg/trust/store.go:269.26,270.30 1 3
github.com/had-nu/wardex/v2/pkg/trust/store.go:270.30,272.5 1 0
github.com/had-nu/wardex/v2/pkg/trust/store.go:273.4,273.30 1 3
github.com/had-nu/wardex/v2/pkg/trust/store.go:276.2,276.63 1 0
github.com/had-nu/wardex/v2/pkg/trust/store.go:279.55,290.2 2 3
github.com/had-nu/wardex/v2/pkg/trust/store.go:292.57,300.2 2 1
github.com/had-nu/wardex/v2/pkg/trust/store.go:304.47,306.31 2 8
github.com/had-nu/wardex/v2/pkg/trust/store.go:306.31,308.3 1 12
github.com/had-nu/wardex/v2/pkg/trust/store.go:309.2,309.38 1 8
github.com/had-nu/wardex/v2/pkg/trust/store.go:309.38,311.3 1 2
github.com/had-nu/wardex/v2/pkg/trust/store.go:312.2,312.19 1 8
github.com/had-nu/wardex/v2/pkg/trust/store.go:315.76,318.2 2 4
github.com/had-nu/wardex/v2/pkg/trust/store.go:320.54,322.16 2 4
github.com/had-nu/wardex/v2/pkg/trust/store.go:322.16,324.3 1 0
github.com/had-nu/wardex/v2/pkg/trust/store.go:325.2,325.55 1 4
github.com/had-nu/wardex/v2/pkg/trust/store.go:325.55,327.3 1 0
github.com/had-nu/wardex/v2/pkg/trust/store.go:328.2,328.12 1 4
github.com/had-nu/wardex/v2/pkg/trust/store.go:333.78,338.29 4 3
github.com/had-nu/wardex/v2/pkg/trust/store.go:338.29,339.38 1 1
github.com/had-nu/wardex/v2/pkg/trust/store.go:339.38,343.60 3 0
github.com/had-nu/wardex/v2/pkg/trust/store.go:343.60,344.21 1 0
github.com/had-nu/wardex/v2/pkg/trust/store.go:344.21,346.6 1 0
github.com/had-nu/wardex/v2/pkg/trust/store.go:351.2,351.48 1 3
github.com/had-nu/wardex/v2/pkg/trust/store.go:354.46,357.29 3 3
github.com/had-nu/wardex/v2/pkg/trust/store.go:357.29,358.26 1 5
github.com/had-nu/wardex/v2/pkg/trust/store.go:358.26,360.9 2 5
github.com/had-nu/wardex/v2/pkg/trust/store.go:363.2,363.24 1 3
github.com/had-nu/wardex/v2/pkg/trust/store.go:363.24,365.3 1 0
github.com/had-nu/wardex/v2/pkg/trust/store.go:366.2,366.25 1 3
github.com/had-nu/wardex/v2/pkg/trust/types.go:28.26,30.2 1 1
github.com/had-nu/wardex/v2/pkg/trust/types.go:33.30,34.37 1 1
github.com/had-nu/wardex/v2/pkg/trust/types.go:34.37,35.17 1 2
github.com/had-nu/wardex/v2/pkg/trust/types.go:35.17,37.4 1 1
github.com/had-nu/wardex/v2/pkg/trust/types.go:39.2,39.14 1 0
github.com/had-nu/wardex/v2/pkg/trust/types.go:71.47,73.9 2 1
github.com/had-nu/wardex/v2/pkg/trust/types.go:73.9,75.3 1 0
github.com/had-nu/wardex/v2/pkg/trust/types.go:76.2,76.26 1 1
github.com/had-nu/wardex/v2/pkg/trust/types.go:76.26,77.14 1 4
github.com/had-nu/wardex/v2/pkg/trust/types.go:77.14,79.4 1 1
github.com/had-nu/wardex/v2/pkg/trust/types.go:81.2,81.14 1 0
github.com/had-nu/wardex/v2/pkg/trust/wexstate.go:31.51,33.16 2 1
github.com/had-nu/wardex/v2/pkg/trust/wexstate.go:33.16,35.3 1 0
github.com/had-nu/wardex/v2/pkg/trust/wexstate.go:36.2,37.53 2 1
github.com/had-nu/wardex/v2/pkg/trust/wexstate.go:37.53,39.3 1 0
github.com/had-nu/wardex/v2/pkg/trust/wexstate.go:40.2,40.25 1 1
github.com/had-nu/wardex/v2/pkg/trust/wexstate.go:40.25,42.3 1 0
github.com/had-nu/wardex/v2/pkg/trust/wexstate.go:43.2,43.20 1 1
github.com/had-nu/wardex/v2/pkg/trust/wexstate.go:47.55,49.16 2 1
github.com/had-nu/wardex/v2/pkg/trust/wexstate.go:49.16,51.3 1 0
github.com/had-nu/wardex/v2/pkg/trust/wexstate.go:52.2,52.55 1 1
github.com/had-nu/wardex/v2/pkg/trust/wexstate.go:52.55,54.3 1 0
github.com/had-nu/wardex/v2/pkg/trust/wexstate.go:55.2,55.12 1 1
github.com/had-nu/wardex/v2/pkg/trust/wexstate.go:60.42,70.2 2 2
github.com/had-nu/wardex/v2/pkg/trust/wexstate.go:77.66,79.58 2 2
github.com/had-nu/wardex/v2/pkg/trust/wexstate.go:79.58,81.3 1 0
github.com/had-nu/wardex/v2/pkg/trust/wexstate.go:82.2,84.21 3 2
github.com/had-nu/wardex/v2/pkg/trust/wexstate.go:88.67,89.26 1 13
github.com/had-nu/wardex/v2/pkg/trust/wexstate.go:90.30,91.27 1 6
github.com/had-nu/wardex/v2/pkg/trust/wexstate.go:91.27,93.20 2 9
github.com/had-nu/wardex/v2/pkg/trust/wexstate.go:93.20,95.5 1 5
github.com/had-nu/wardex/v2/pkg/trust/wexstate.go:96.4,96.32 1 9
github.com/had-nu/wardex/v2/pkg/trust/wexstate.go:98.14,99.54 1 3
github.com/had-nu/wardex/v2/pkg/trust/wexstate.go:99.54,101.4 1 2
github.com/had-nu/wardex/v2/pkg/trust/wexstate.go:102.21,103.26 1 1
github.com/had-nu/wardex/v2/pkg/trust/wexstate.go:103.26,106.4 2 2
github.com/had-nu/wardex/v2/pkg/trust/wexstate.go:111.39,113.2 1 0
github.com/had-nu/wardex/v2/research/pocs/poc/stress/main.go:8.13,10.15 2 0
github.com/had-nu/wardex/v2/research/pocs/poc/stress/main.go:10.15,10.32 1 0
github.com/had-nu/wardex/v2/research/pocs/poc/stress/main.go:12.2,13.28 2 0
github.com/had-nu/wardex/v2/research/pocs/poc/stress/main.go:13.28,22.3 7 0
github.com/had-nu/wardex/v2/research/pocs/poc/stress/main.go:23.2,23.59 1 0
github.com/had-nu/wardex/v2/internal/notification/webhook.go:43.63,44.19 1 5
github.com/had-nu/wardex/v2/internal/notification/webhook.go:44.19,46.3 1 1
github.com/had-nu/wardex/v2/internal/notification/webhook.go:48.2,49.16 2 4
github.com/had-nu/wardex/v2/internal/notification/webhook.go:49.16,51.3 1 0
github.com/had-nu/wardex/v2/internal/notification/webhook.go:53.2,54.46 2 4
github.com/had-nu/wardex/v2/internal/notification/webhook.go:54.46,56.3 1 0
github.com/had-nu/wardex/v2/internal/notification/webhook.go:58.2,62.16 4 4
github.com/had-nu/wardex/v2/internal/notification/webhook.go:62.16,64.3 1 0
github.com/had-nu/wardex/v2/internal/notification/webhook.go:66.2,67.21 2 4
github.com/had-nu/wardex/v2/internal/notification/webhook.go:67.21,69.3 1 1
github.com/had-nu/wardex/v2/internal/notification/webhook.go:70.2,70.32 1 4
github.com/had-nu/wardex/v2/internal/notification/webhook.go:70.32,72.3 1 0
github.com/had-nu/wardex/v2/internal/notification/webhook.go:74.2,75.16 2 4
github.com/had-nu/wardex/v2/internal/notification/webhook.go:75.16,77.3 1 1
github.com/had-nu/wardex/v2/internal/notification/webhook.go:78.2,80.53 2 3
github.com/had-nu/wardex/v2/internal/notification/webhook.go:80.53,82.3 1 1
github.com/had-nu/wardex/v2/internal/notification/webhook.go:84.2,84.12 1 2
