{"meta": {"format": 3, "version": "7.13.5", "timestamp": "2026-04-04T21:09:36.868283", "branch_coverage": false, "show_contexts": false}, "files": {"empirical_pipeline.py": {"executed_lines": [9, 10, 11, 12, 13, 14, 15, 16, 17, 19, 20, 22, 28, 29, 30, 31, 32, 33, 34, 35, 36, 37, 38, 40, 41, 42, 43, 44, 45, 46, 47, 48, 49, 50, 52, 53, 54, 55, 56, 57, 58, 59, 60, 61, 72, 73, 75, 112, 136, 137, 139, 169, 216, 218, 239, 257, 259, 311, 322, 327, 330, 340, 341, 342, 343, 344, 345, 346, 347, 349, 361, 363, 404, 406, 483, 497, 510, 525, 527, 528, 540, 596, 615, 617, 663, 672, 703, 773, 791, 795, 797, 798, 806, 807, 808, 810, 811, 814, 815, 816, 817, 819, 820, 823, 827, 829, 830, 831, 832, 833, 836, 838, 840, 856, 868, 869, 870, 873, 875, 876, 877, 880, 949, 995, 1003, 1010, 1044], "summary": {"covered_lines": 127, "num_statements": 411, "percent_covered": 30.900243309002434, "percent_covered_display": "31", "missing_lines": 284, "excluded_lines": 0, "percent_statements_covered": 30.900243309002434, "percent_statements_covered_display": "31"}, "missing_lines": [86, 87, 88, 89, 91, 92, 95, 96, 97, 98, 99, 100, 101, 102, 103, 104, 106, 107, 109, 117, 118, 119, 120, 121, 122, 123, 124, 125, 149, 150, 151, 152, 153, 154, 156, 158, 160, 161, 162, 164, 166, 180, 182, 183, 184, 185, 186, 187, 188, 190, 191, 192, 193, 196, 197, 198, 199, 200, 201, 202, 204, 226, 228, 229, 230, 231, 233, 234, 235, 236, 245, 272, 273, 275, 276, 277, 278, 279, 280, 281, 282, 286, 290, 291, 292, 293, 294, 295, 296, 297, 298, 299, 300, 301, 302, 303, 304, 305, 306, 308, 375, 376, 378, 379, 380, 381, 383, 384, 385, 386, 387, 388, 389, 390, 392, 423, 425, 426, 427, 428, 429, 430, 431, 433, 434, 436, 437, 438, 439, 440, 443, 446, 447, 450, 451, 452, 453, 456, 459, 460, 461, 462, 463, 464, 465, 467, 479, 480, 485, 486, 488, 489, 490, 491, 492, 493, 494, 499, 500, 501, 502, 503, 504, 505, 558, 560, 561, 562, 564, 565, 567, 568, 569, 570, 571, 572, 574, 577, 592, 593, 598, 599, 600, 601, 602, 603, 604, 629, 630, 636, 639, 640, 642, 643, 645, 681, 688, 689, 690, 692, 696, 716, 719, 720, 723, 724, 727, 728, 731, 732, 733, 734, 735, 738, 739, 742, 743, 744, 745, 746, 747, 749, 752, 753, 754, 755, 756, 758, 770, 834, 893, 894, 896, 897, 898, 900, 901, 902, 903, 904, 906, 908, 912, 915, 918, 919, 920, 921, 924, 925, 926, 927, 928, 929, 931, 942, 957, 976, 977, 980, 981, 982, 984, 985, 986, 988, 1012, 1015, 1018, 1021, 1022, 1023, 1024, 1025, 1026, 1027, 1028, 1032, 1034, 1035, 1036, 1041, 1042, 1045], "excluded_lines": [], "functions": {"fetch_nvd_cvss": {"executed_lines": [], "summary": {"covered_lines": 0, "num_statements": 19, "percent_covered": 0.0, "percent_covered_display": "0", "missing_lines": 19, "excluded_lines": 0, "percent_statements_covered": 0.0, "percent_statements_covered_display": "0"}, "missing_lines": [86, 87, 88, 89, 91, 92, 95, 96, 97, 98, 99, 100, 101, 102, 103, 104, 106, 107, 109], "excluded_lines": [], "start_line": 75}, "fetch_nvd_batch": {"executed_lines": [], "summary": {"covered_lines": 0, "num_statements": 9, "percent_covered": 0.0, "percent_covered_display": "0", "missing_lines": 9, "excluded_lines": 0, "percent_statements_covered": 0.0, "percent_statements_covered_display": "0"}, "missing_lines": [117, 118, 119, 120, 121, 122, 123, 124, 125], "excluded_lines": [], "start_line": 112}, "fetch_epss_live": {"executed_lines": [], "summary": {"covered_lines": 0, "num_statements": 13, "percent_covered": 0.0, "percent_covered_display": "0", "missing_lines": 13, "excluded_lines": 0, "percent_statements_covered": 0.0, "percent_statements_covered_display": "0"}, "missing_lines": [149, 150, 151, 152, 153, 154, 156, 158, 160, 161, 162, 164, 166], "excluded_lines": [], "start_line": 139}, "fetch_epss_snapshot": {"executed_lines": [], "summary": {"covered_lines": 0, "num_statements": 20, "percent_covered": 0.0, "percent_covered_display": "0", "missing_lines": 20, "excluded_lines": 0, "percent_statements_covered": 0.0, "percent_statements_covered_display": "0"}, "missing_lines": [180, 182, 183, 184, 185, 186, 187, 188, 190, 191, 192, 193, 196, 197, 198, 199, 200, 201, 202, 204], "excluded_lines": [], "start_line": 169}, "fetch_cisa_kev": {"executed_lines": [], "summary": {"covered_lines": 0, "num_statements": 9, "percent_covered": 0.0, "percent_covered_display": "0", "missing_lines": 9, "excluded_lines": 0, "percent_statements_covered": 0.0, "percent_statements_covered_display": "0"}, "missing_lines": [226, 228, 229, 230, 231, 233, 234, 235, 236], "excluded_lines": [], "start_line": 218}, "kev_enrichment": {"executed_lines": [], "summary": {"covered_lines": 0, "num_statements": 1, "percent_covered": 0.0, "percent_covered_display": "0", "missing_lines": 1, "excluded_lines": 0, "percent_statements_covered": 0.0, "percent_statements_covered_display": "0"}, "missing_lines": [245], "excluded_lines": [], "start_line": 239}, "fetch_ssvc_classification": {"executed_lines": [], "summary": {"covered_lines": 0, "num_statements": 29, "percent_covered": 0.0, "percent_covered_display": "0", "missing_lines": 29, "excluded_lines": 0, "percent_statements_covered": 0.0, "percent_statements_covered_display": "0"}, "missing_lines": [272, 273, 275, 276, 277, 278, 279, 280, 281, 282, 286, 290, 291, 292, 293, 294, 295, 296, 297, 298, 299, 300, 301, 302, 303, 304, 305, 306, 308], "excluded_lines": [], "start_line": 259}, "ssvc_to_c_alpha": {"executed_lines": [322, 327], "summary": {"covered_lines": 2, "num_statements": 2, "percent_covered": 100.0, "percent_covered_display": "100", "missing_lines": 0, "excluded_lines": 0, "percent_statements_covered": 100.0, "percent_statements_covered_display": "100"}, "missing_lines": [], "excluded_lines": [], "start_line": 311}, "ssvc_to_e_alpha": {"executed_lines": [340, 341, 342, 343, 344, 345, 346, 347, 349], "summary": {"covered_lines": 9, "num_statements": 9, "percent_covered": 100.0, "percent_covered_display": "100", "missing_lines": 0, "excluded_lines": 0, "percent_statements_covered": 100.0, "percent_statements_covered_display": "100"}, "missing_lines": [], "excluded_lines": [], "start_line": 330}, "load_vulzoo_exploit_db": {"executed_lines": [], "summary": {"covered_lines": 0, "num_statements": 15, "percent_covered": 0.0, "percent_covered_display": "0", "missing_lines": 15, "excluded_lines": 0, "percent_statements_covered": 0.0, "percent_statements_covered_display": "0"}, "missing_lines": [375, 376, 378, 379, 380, 381, 383, 384, 385, 386, 387, 388, 389, 390, 392], "excluded_lines": [], "start_line": 363}, "load_vcdb_incidents": {"executed_lines": [], "summary": {"covered_lines": 0, "num_statements": 33, "percent_covered": 0.0, "percent_covered_display": "0", "missing_lines": 33, "excluded_lines": 0, "percent_statements_covered": 0.0, "percent_statements_covered_display": "0"}, "missing_lines": [423, 425, 426, 427, 428, 429, 430, 431, 433, 434, 436, 437, 438, 439, 440, 443, 446, 447, 450, 451, 452, 453, 456, 459, 460, 461, 462, 463, 464, 465, 467, 479, 480], "excluded_lines": [], "start_line": 406}, "classify_access_vector": {"executed_lines": [], "summary": {"covered_lines": 0, "num_statements": 9, "percent_covered": 0.0, "percent_covered_display": "0", "missing_lines": 9, "excluded_lines": 0, "percent_statements_covered": 0.0, "percent_statements_covered_display": "0"}, "missing_lines": [485, 486, 488, 489, 490, 491, 492, 493, 494], "excluded_lines": [], "start_line": 483}, "classify_org_size": {"executed_lines": [], "summary": {"covered_lines": 0, "num_statements": 7, "percent_covered": 0.0, "percent_covered_display": "0", "missing_lines": 7, "excluded_lines": 0, "percent_statements_covered": 0.0, "percent_statements_covered_display": "0"}, "missing_lines": [499, 500, 501, 502, 503, 504, 505], "excluded_lines": [], "start_line": 497}, "naics_to_fips199": {"executed_lines": [527, 528], "summary": {"covered_lines": 2, "num_statements": 2, "percent_covered": 100.0, "percent_covered_display": "100", "missing_lines": 0, "excluded_lines": 0, "percent_statements_covered": 100.0, "percent_statements_covered_display": "100"}, "missing_lines": [], "excluded_lines": [], "start_line": 525}, "load_hhs_ocr_breaches": {"executed_lines": [], "summary": {"covered_lines": 0, "num_statements": 16, "percent_covered": 0.0, "percent_covered_display": "0", "missing_lines": 16, "excluded_lines": 0, "percent_statements_covered": 0.0, "percent_statements_covered_display": "0"}, "missing_lines": [558, 560, 561, 562, 564, 565, 567, 568, 569, 570, 571, 572, 574, 577, 592, 593], "excluded_lines": [], "start_line": 540}, "classify_org_size_from_count": {"executed_lines": [], "summary": {"covered_lines": 0, "num_statements": 7, "percent_covered": 0.0, "percent_covered_display": "0", "missing_lines": 7, "excluded_lines": 0, "percent_statements_covered": 0.0, "percent_statements_covered_display": "0"}, "missing_lines": [598, 599, 600, 601, 602, 603, 604], "excluded_lines": [], "start_line": 596}, "fetch_shadowserver_exploitation": {"executed_lines": [], "summary": {"covered_lines": 0, "num_statements": 8, "percent_covered": 0.0, "percent_covered_display": "0", "missing_lines": 8, "excluded_lines": 0, "percent_statements_covered": 0.0, "percent_statements_covered_display": "0"}, "missing_lines": [629, 630, 636, 639, 640, 642, 643, 645], "excluded_lines": [], "start_line": 617}, "veracode_c_alpha_adjustment": {"executed_lines": [], "summary": {"covered_lines": 0, "num_statements": 6, "percent_covered": 0.0, "percent_covered_display": "0", "missing_lines": 6, "excluded_lines": 0, "percent_statements_covered": 0.0, "percent_statements_covered_display": "0"}, "missing_lines": [681, 688, 689, 690, 692, 696], "excluded_lines": [], "start_line": 672}, "build_cve_dataset": {"executed_lines": [], "summary": {"covered_lines": 0, "num_statements": 28, "percent_covered": 0.0, "percent_covered_display": "0", "missing_lines": 28, "excluded_lines": 0, "percent_statements_covered": 0.0, "percent_statements_covered_display": "0"}, "missing_lines": [716, 719, 720, 723, 724, 727, 728, 731, 732, 733, 734, 735, 738, 739, 742, 743, 744, 745, 746, 747, 749, 752, 753, 754, 755, 756, 758, 770], "excluded_lines": [], "start_line": 703}, "derive_profile_calibration": {"executed_lines": [791, 795, 797, 798, 806, 807, 808, 810, 811, 814, 815, 816, 817, 819, 820, 823, 827, 829, 830, 831, 832, 833, 836, 838, 840], "summary": {"covered_lines": 25, "num_statements": 26, "percent_covered": 96.15384615384616, "percent_covered_display": "96", "missing_lines": 1, "excluded_lines": 0, "percent_statements_covered": 96.15384615384616, "percent_statements_covered_display": "96"}, "missing_lines": [834], "excluded_lines": [], "start_line": 773}, "compute_contextual_score": {"executed_lines": [868, 869, 870], "summary": {"covered_lines": 3, "num_statements": 3, "percent_covered": 100.0, "percent_covered_display": "100", "missing_lines": 0, "excluded_lines": 0, "percent_statements_covered": 100.0, "percent_statements_covered_display": "100"}, "missing_lines": [], "excluded_lines": [], "start_line": 856}, "evaluate_gate": {"executed_lines": [875, 876, 877], "summary": {"covered_lines": 3, "num_statements": 3, "percent_covered": 100.0, "percent_covered_display": "100", "missing_lines": 0, "excluded_lines": 0, "percent_statements_covered": 100.0, "percent_statements_covered_display": "100"}, "missing_lines": [], "excluded_lines": [], "start_line": 873}, "run_validation_study": {"executed_lines": [], "summary": {"covered_lines": 0, "num_statements": 26, "percent_covered": 0.0, "percent_covered_display": "0", "missing_lines": 26, "excluded_lines": 0, "percent_statements_covered": 0.0, "percent_statements_covered_display": "0"}, "missing_lines": [893, 894, 896, 897, 898, 900, 901, 902, 903, 904, 906, 908, 912, 915, 918, 919, 920, 921, 924, 925, 926, 927, 928, 929, 931, 942], "excluded_lines": [], "start_line": 880}, "archive_dataset": {"executed_lines": [], "summary": {"covered_lines": 0, "num_statements": 10, "percent_covered": 0.0, "percent_covered_display": "0", "missing_lines": 10, "excluded_lines": 0, "percent_statements_covered": 0.0, "percent_statements_covered_display": "0"}, "missing_lines": [957, 976, 977, 980, 981, 982, 984, 985, 986, 988], "excluded_lines": [], "start_line": 949}, "main": {"executed_lines": [], "summary": {"covered_lines": 0, "num_statements": 17, "percent_covered": 0.0, "percent_covered_display": "0", "missing_lines": 17, "excluded_lines": 0, "percent_statements_covered": 0.0, "percent_statements_covered_display": "0"}, "missing_lines": [1012, 1015, 1018, 1021, 1022, 1023, 1024, 1025, 1026, 1027, 1028, 1032, 1034, 1035, 1036, 1041, 1042], "excluded_lines": [], "start_line": 1010}, "": {"executed_lines": [9, 10, 11, 12, 13, 14, 15, 16, 17, 19, 20, 22, 28, 29, 30, 31, 32, 33, 34, 35, 36, 37, 38, 40, 41, 42, 43, 44, 45, 46, 47, 48, 49, 50, 52, 53, 54, 55, 56, 57, 58, 59, 60, 61, 72, 73, 75, 112, 136, 137, 139, 169, 216, 218, 239, 257, 259, 311, 330, 361, 363, 404, 406, 483, 497, 510, 525, 540, 596, 615, 617, 663, 672, 703, 773, 856, 873, 880, 949, 995, 1003, 1010, 1044], "summary": {"covered_lines": 83, "num_statements": 84, "percent_covered": 98.80952380952381, "percent_covered_display": "99", "missing_lines": 1, "excluded_lines": 0, "percent_statements_covered": 98.80952380952381, "percent_statements_covered_display": "99"}, "missing_lines": [1045], "excluded_lines": [], "start_line": 1}}, "classes": {"CVERecord": {"executed_lines": [], "summary": {"covered_lines": 0, "num_statements": 0, "percent_covered": 100.0, "percent_covered_display": "100", "missing_lines": 0, "excluded_lines": 0, "percent_statements_covered": 100.0, "percent_statements_covered_display": "100"}, "missing_lines": [], "excluded_lines": [], "start_line": 29}, "IncidentRecord": {"executed_lines": [], "summary": {"covered_lines": 0, "num_statements": 0, "percent_covered": 100.0, "percent_covered_display": "100", "missing_lines": 0, "excluded_lines": 0, "percent_statements_covered": 100.0, "percent_statements_covered_display": "100"}, "missing_lines": [], "excluded_lines": [], "start_line": 41}, "ProfileCalibration": {"executed_lines": [], "summary": {"covered_lines": 0, "num_statements": 0, "percent_covered": 100.0, "percent_covered_display": "100", "missing_lines": 0, "excluded_lines": 0, "percent_statements_covered": 100.0, "percent_statements_covered_display": "100"}, "missing_lines": [], "excluded_lines": [], "start_line": 53}, "": {"executed_lines": [9, 10, 11, 12, 13, 14, 15, 16, 17, 19, 20, 22, 28, 29, 30, 31, 32, 33, 34, 35, 36, 37, 38, 40, 41, 42, 43, 44, 45, 46, 47, 48, 49, 50, 52, 53, 54, 55, 56, 57, 58, 59, 60, 61, 72, 73, 75, 112, 136, 137, 139, 169, 216, 218, 239, 257, 259, 311, 322, 327, 330, 340, 341, 342, 343, 344, 345, 346, 347, 349, 361, 363, 404, 406, 483, 497, 510, 525, 527, 528, 540, 596, 615, 617, 663, 672, 703, 773, 791, 795, 797, 798, 806, 807, 808, 810, 811, 814, 815, 816, 817, 819, 820, 823, 827, 829, 830, 831, 832, 833, 836, 838, 840, 856, 868, 869, 870, 873, 875, 876, 877, 880, 949, 995, 1003, 1010, 1044], "summary": {"covered_lines": 127, "num_statements": 411, "percent_covered": 30.900243309002434, "percent_covered_display": "31", "missing_lines": 284, "excluded_lines": 0, "percent_statements_covered": 30.900243309002434, "percent_statements_covered_display": "31"}, "missing_lines": [86, 87, 88, 89, 91, 92, 95, 96, 97, 98, 99, 100, 101, 102, 103, 104, 106, 107, 109, 117, 118, 119, 120, 121, 122, 123, 124, 125, 149, 150, 151, 152, 153, 154, 156, 158, 160, 161, 162, 164, 166, 180, 182, 183, 184, 185, 186, 187, 188, 190, 191, 192, 193, 196, 197, 198, 199, 200, 201, 202, 204, 226, 228, 229, 230, 231, 233, 234, 235, 236, 245, 272, 273, 275, 276, 277, 278, 279, 280, 281, 282, 286, 290, 291, 292, 293, 294, 295, 296, 297, 298, 299, 300, 301, 302, 303, 304, 305, 306, 308, 375, 376, 378, 379, 380, 381, 383, 384, 385, 386, 387, 388, 389, 390, 392, 423, 425, 426, 427, 428, 429, 430, 431, 433, 434, 436, 437, 438, 439, 440, 443, 446, 447, 450, 451, 452, 453, 456, 459, 460, 461, 462, 463, 464, 465, 467, 479, 480, 485, 486, 488, 489, 490, 491, 492, 493, 494, 499, 500, 501, 502, 503, 504, 505, 558, 560, 561, 562, 564, 565, 567, 568, 569, 570, 571, 572, 574, 577, 592, 593, 598, 599, 600, 601, 602, 603, 604, 629, 630, 636, 639, 640, 642, 643, 645, 681, 688, 689, 690, 692, 696, 716, 719, 720, 723, 724, 727, 728, 731, 732, 733, 734, 735, 738, 739, 742, 743, 744, 745, 746, 747, 749, 752, 753, 754, 755, 756, 758, 770, 834, 893, 894, 896, 897, 898, 900, 901, 902, 903, 904, 906, 908, 912, 915, 918, 919, 920, 921, 924, 925, 926, 927, 928, 929, 931, 942, 957, 976, 977, 980, 981, 982, 984, 985, 986, 988, 1012, 1015, 1018, 1021, 1022, 1023, 1024, 1025, 1026, 1027, 1028, 1032, 1034, 1035, 1036, 1041, 1042, 1045], "excluded_lines": [], "start_line": 1}}}}, "totals": {"covered_lines": 127, "num_statements": 411, "percent_covered": 30.900243309002434, "percent_covered_display": "31", "missing_lines": 284, "excluded_lines": 0, "percent_statements_covered": 30.900243309002434, "percent_statements_covered_display": "31"}}